<?xml version="1.0" encoding="UTF-8"?>
<testsuite name="tourGuide.TestPerformance" tests="1" skipped="0" failures="0" errors="0" timestamp="2020-10-14T09:25:20" hostname="PO709427VW10SC2" time="92.673">
  <properties/>
  <testcase name="highVolumeTrackLocationNew" classname="tourGuide.TestPerformance" time="92.673"/>
  <system-out><![CDATA[11:25:20.513 [Test worker] DEBUG tourGuide.TestPerformance - Start highVolumeTrackLocation
11:26:02.036 [Test worker] INFO tourGuide.service.TourGuideService - TestMode enabled
11:26:02.036 [Test worker] DEBUG tourGuide.service.TourGuideService - Initializing users
11:26:05.614 [Test worker] DEBUG tourGuide.service.TourGuideService - Created 1000 internal test users.
11:26:05.614 [Test worker] DEBUG tourGuide.service.TourGuideService - Finished initializing users
11:26:05.645 [Test worker] DEBUG tourGuide.tracker.Tracker - tracker submit
11:26:29.489 [pool-3-thread-1] DEBUG tourGuide.tracker.Tracker - Begin Tracker. Tracking 1000 users.
11:26:29.489 [pool-3-thread-1] DEBUG tourGuide.tracker.Tracker - start loop
11:26:29.489 [pool-3-thread-1] DEBUG tourGuide.service.TourGuideService - trackUserLocationList AAAAAASYNCHRONE
11:26:32.505 [pool-3-thread-1] DEBUG tourGuide.tracker.Tracker - End loop
11:26:32.505 [pool-3-thread-1] DEBUG tourGuide.tracker.Tracker - Tracker Time Elapsed: 3 seconds.
11:26:32.505 [pool-3-thread-1] DEBUG tourGuide.tracker.Tracker - Tracker sleeping
11:26:33.334 [Test worker] DEBUG tourGuide.TestPerformance - highVolumeTrackLocationNew 1
11:26:37.879 [Test worker] DEBUG tourGuide.service.TourGuideService - trackUserLocationList AAAAAASYNCHRONE
11:26:49.193 [Test worker] DEBUG tourGuide.TestPerformance - highVolumeTrackLocationNew 2
highVolumeTrackLocation: Time Elapsed: 17 seconds.
11:26:52.114 [Test worker] DEBUG tourGuide.TestPerformance - End of highVolumeTrackLocation
]]></system-out>
  <system-err><![CDATA[Oct 14, 2020 11:26:03 AM org.javamoney.moneta.DefaultMonetaryContextFactory createMonetaryContextNonNullConfig
INFO: Using custom MathContext: precision=256, roundingMode=HALF_EVEN
Exception in thread "pool-4-thread-6" java.lang.NullPointerException
	at tourGuide.service.TourGuideService.trackUserLocation(TourGuideService.java:145)
	at tourGuide.service.TourGuideService.lambda$trackUserLocationList$1(TourGuideService.java:166)
	at java.util.concurrent.ThreadPoolExecutor.runWorker(ThreadPoolExecutor.java:1149)
	at java.util.concurrent.ThreadPoolExecutor$Worker.run(ThreadPoolExecutor.java:624)
	at java.lang.Thread.run(Thread.java:748)
Exception in thread "pool-4-thread-7" java.lang.NullPointerException
	at tourGuide.service.TourGuideService.trackUserLocation(TourGuideService.java:145)
	at tourGuide.service.TourGuideService.lambda$trackUserLocationList$1(TourGuideService.java:166)
	at java.util.concurrent.ThreadPoolExecutor.runWorker(ThreadPoolExecutor.java:1149)
	at java.util.concurrent.ThreadPoolExecutor$Worker.run(ThreadPoolExecutor.java:624)
	at java.lang.Thread.run(Thread.java:748)
Exception in thread "pool-4-thread-34" java.lang.NullPointerException
	at tourGuide.service.TourGuideService.trackUserLocation(TourGuideService.java:145)
	at tourGuide.service.TourGuideService.lambda$trackUserLocationList$1(TourGuideService.java:166)
	at java.util.concurrent.ThreadPoolExecutor.runWorker(ThreadPoolExecutor.java:1149)
	at java.util.concurrent.ThreadPoolExecutor$Worker.run(ThreadPoolExecutor.java:624)
	at java.lang.Thread.run(Thread.java:748)
Exception in thread "pool-4-thread-19" java.lang.NullPointerException
	at tourGuide.service.TourGuideService.trackUserLocation(TourGuideService.java:145)
	at tourGuide.service.TourGuideService.lambda$trackUserLocationList$1(TourGuideService.java:166)
	at java.util.concurrent.ThreadPoolExecutor.runWorker(ThreadPoolExecutor.java:1149)
	at java.util.concurrent.ThreadPoolExecutor$Worker.run(ThreadPoolExecutor.java:624)
	at java.lang.Thread.run(Thread.java:748)
Exception in thread "pool-4-thread-20" java.lang.NullPointerException
	at tourGuide.service.TourGuideService.trackUserLocation(TourGuideService.java:145)
	at tourGuide.service.TourGuideService.lambda$trackUserLocationList$1(TourGuideService.java:166)
	at java.util.concurrent.ThreadPoolExecutor.runWorker(ThreadPoolExecutor.java:1149)
	at java.util.concurrent.ThreadPoolExecutor$Worker.run(ThreadPoolExecutor.java:624)
	at java.lang.Thread.run(Thread.java:748)
Exception in thread "pool-4-thread-1" java.lang.NullPointerException
	at tourGuide.service.TourGuideService.trackUserLocation(TourGuideService.java:145)
	at tourGuide.service.TourGuideService.lambda$trackUserLocationList$1(TourGuideService.java:166)
	at java.util.concurrent.ThreadPoolExecutor.runWorker(ThreadPoolExecutor.java:1149)
	at java.util.concurrent.ThreadPoolExecutor$Worker.run(ThreadPoolExecutor.java:624)
	at java.lang.Thread.run(Thread.java:748)
Exception in thread "pool-4-thread-2" java.lang.NullPointerException
	at tourGuide.service.TourGuideService.trackUserLocation(TourGuideService.java:145)
	at tourGuide.service.TourGuideService.lambda$trackUserLocationList$1(TourGuideService.java:166)
	at java.util.concurrent.ThreadPoolExecutor.runWorker(ThreadPoolExecutor.java:1149)
	at java.util.concurrent.ThreadPoolExecutor$Worker.run(ThreadPoolExecutor.java:624)
	at java.lang.Thread.run(Thread.java:748)
Exception in thread "pool-4-thread-3" java.lang.NullPointerException
	at tourGuide.service.TourGuideService.trackUserLocation(TourGuideService.java:145)
	at tourGuide.service.TourGuideService.lambda$trackUserLocationList$1(TourGuideService.java:166)
	at java.util.concurrent.ThreadPoolExecutor.runWorker(ThreadPoolExecutor.java:1149)
	at java.util.concurrent.ThreadPoolExecutor$Worker.run(ThreadPoolExecutor.java:624)
	at java.lang.Thread.run(Thread.java:748)
Exception in thread "pool-4-thread-4" java.lang.NullPointerException
	at tourGuide.service.TourGuideService.trackUserLocation(TourGuideService.java:145)
	at tourGuide.service.TourGuideService.lambda$trackUserLocationList$1(TourGuideService.java:166)
	at java.util.concurrent.ThreadPoolExecutor.runWorker(ThreadPoolExecutor.java:1149)
	at java.util.concurrent.ThreadPoolExecutor$Worker.run(ThreadPoolExecutor.java:624)
	at java.lang.Thread.run(Thread.java:748)
Exception in thread "pool-4-thread-5" java.lang.NullPointerException
	at tourGuide.service.TourGuideService.trackUserLocation(TourGuideService.java:145)
	at tourGuide.service.TourGuideService.lambda$trackUserLocationList$1(TourGuideService.java:166)
	at java.util.concurrent.ThreadPoolExecutor.runWorker(ThreadPoolExecutor.java:1149)
	at java.util.concurrent.ThreadPoolExecutor$Worker.run(ThreadPoolExecutor.java:624)
	at java.lang.Thread.run(Thread.java:748)
Exception in thread "pool-4-thread-323" java.lang.NullPointerException
	at tourGuide.service.TourGuideService.trackUserLocation(TourGuideService.java:145)
	at tourGuide.service.TourGuideService.lambda$trackUserLocationList$1(TourGuideService.java:166)
	at java.util.concurrent.ThreadPoolExecutor.runWorker(ThreadPoolExecutor.java:1149)
	at java.util.concurrent.ThreadPoolExecutor$Worker.run(ThreadPoolExecutor.java:624)
	at java.lang.Thread.run(Thread.java:748)
Exception in thread "pool-4-thread-44" java.lang.NullPointerException
	at tourGuide.service.TourGuideService.trackUserLocation(TourGuideService.java:145)
	at tourGuide.service.TourGuideService.lambda$trackUserLocationList$1(TourGuideService.java:166)
	at java.util.concurrent.ThreadPoolExecutor.runWorker(ThreadPoolExecutor.java:1149)
	at java.util.concurrent.ThreadPoolExecutor$Worker.run(ThreadPoolExecutor.java:624)
	at java.lang.Thread.run(Thread.java:748)
Exception in thread "pool-4-thread-325" java.lang.NullPointerException
	at tourGuide.service.TourGuideService.trackUserLocation(TourGuideService.java:145)
	at tourGuide.service.TourGuideService.lambda$trackUserLocationList$1(TourGuideService.java:166)
	at java.util.concurrent.ThreadPoolExecutor.runWorker(ThreadPoolExecutor.java:1149)
	at java.util.concurrent.ThreadPoolExecutor$Worker.run(ThreadPoolExecutor.java:624)
	at java.lang.Thread.run(Thread.java:748)
Exception in thread "pool-4-thread-322" java.lang.NullPointerException
	at tourGuide.service.TourGuideService.trackUserLocation(TourGuideService.java:145)
	at tourGuide.service.TourGuideService.lambda$trackUserLocationList$1(TourGuideService.java:166)
	at java.util.concurrent.ThreadPoolExecutor.runWorker(ThreadPoolExecutor.java:1149)
	at java.util.concurrent.ThreadPoolExecutor$Worker.run(ThreadPoolExecutor.java:624)
	at java.lang.Thread.run(Thread.java:748)
Exception in thread "pool-4-thread-9" java.lang.NullPointerException
	at tourGuide.service.TourGuideService.trackUserLocation(TourGuideService.java:145)
	at tourGuide.service.TourGuideService.lambda$trackUserLocationList$1(TourGuideService.java:166)
	at java.util.concurrent.ThreadPoolExecutor.runWorker(ThreadPoolExecutor.java:1149)
	at java.util.concurrent.ThreadPoolExecutor$Worker.run(ThreadPoolExecutor.java:624)
	at java.lang.Thread.run(Thread.java:748)
Exception in thread "pool-4-thread-21" java.lang.NullPointerException
	at tourGuide.service.TourGuideService.trackUserLocation(TourGuideService.java:145)
	at tourGuide.service.TourGuideService.lambda$trackUserLocationList$1(TourGuideService.java:166)
	at java.util.concurrent.ThreadPoolExecutor.runWorker(ThreadPoolExecutor.java:1149)
	at java.util.concurrent.ThreadPoolExecutor$Worker.run(ThreadPoolExecutor.java:624)
	at java.lang.Thread.run(Thread.java:748)
Exception in thread "pool-4-thread-8" java.lang.NullPointerException
	at tourGuide.service.TourGuideService.trackUserLocation(TourGuideService.java:145)
	at tourGuide.service.TourGuideService.lambda$trackUserLocationList$1(TourGuideService.java:166)
	at java.util.concurrent.ThreadPoolExecutor.runWorker(ThreadPoolExecutor.java:1149)
	at java.util.concurrent.ThreadPoolExecutor$Worker.run(ThreadPoolExecutor.java:624)
	at java.lang.Thread.run(Thread.java:748)
Exception in thread "pool-4-thread-18" java.lang.NullPointerException
	at tourGuide.service.TourGuideService.trackUserLocation(TourGuideService.java:145)
	at tourGuide.service.TourGuideService.lambda$trackUserLocationList$1(TourGuideService.java:166)
	at java.util.concurrent.ThreadPoolExecutor.runWorker(ThreadPoolExecutor.java:1149)
	at java.util.concurrent.ThreadPoolExecutor$Worker.run(ThreadPoolExecutor.java:624)
	at java.lang.Thread.run(Thread.java:748)
Exception in thread "pool-4-thread-319" java.lang.NullPointerException
	at tourGuide.service.TourGuideService.trackUserLocation(TourGuideService.java:145)
	at tourGuide.service.TourGuideService.lambda$trackUserLocationList$1(TourGuideService.java:166)
	at java.util.concurrent.ThreadPoolExecutor.runWorker(ThreadPoolExecutor.java:1149)
	at java.util.concurrent.ThreadPoolExecutor$Worker.run(ThreadPoolExecutor.java:624)
	at java.lang.Thread.run(Thread.java:748)
Exception in thread "pool-4-thread-33" java.lang.NullPointerException
	at tourGuide.service.TourGuideService.trackUserLocation(TourGuideService.java:145)
	at tourGuide.service.TourGuideService.lambda$trackUserLocationList$1(TourGuideService.java:166)
	at java.util.concurrent.ThreadPoolExecutor.runWorker(ThreadPoolExecutor.java:1149)
	at java.util.concurrent.ThreadPoolExecutor$Worker.run(ThreadPoolExecutor.java:624)
	at java.lang.Thread.run(Thread.java:748)
Exception in thread "pool-4-thread-15" java.lang.NullPointerException
	at tourGuide.service.TourGuideService.trackUserLocation(TourGuideService.java:145)
	at tourGuide.service.TourGuideService.lambda$trackUserLocationList$1(TourGuideService.java:166)
	at java.util.concurrent.ThreadPoolExecutor.runWorker(ThreadPoolExecutor.java:1149)
	at java.util.concurrent.ThreadPoolExecutor$Worker.run(ThreadPoolExecutor.java:624)
	at java.lang.Thread.run(Thread.java:748)
Exception in thread "pool-4-thread-43" java.lang.NullPointerException
	at tourGuide.service.TourGuideService.trackUserLocation(TourGuideService.java:145)
	at tourGuide.service.TourGuideService.lambda$trackUserLocationList$1(TourGuideService.java:166)
	at java.util.concurrent.ThreadPoolExecutor.runWorker(ThreadPoolExecutor.java:1149)
	at java.util.concurrent.ThreadPoolExecutor$Worker.run(ThreadPoolExecutor.java:624)
	at java.lang.Thread.run(Thread.java:748)
Exception in thread "pool-4-thread-11" java.lang.NullPointerException
	at tourGuide.service.TourGuideService.trackUserLocation(TourGuideService.java:145)
	at tourGuide.service.TourGuideService.lambda$trackUserLocationList$1(TourGuideService.java:166)
	at java.util.concurrent.ThreadPoolExecutor.runWorker(ThreadPoolExecutor.java:1149)
	at java.util.concurrent.ThreadPoolExecutor$Worker.run(ThreadPoolExecutor.java:624)
	at java.lang.Thread.run(Thread.java:748)
Exception in thread "pool-4-thread-31" java.lang.NullPointerException
	at tourGuide.service.TourGuideService.trackUserLocation(TourGuideService.java:145)
	at tourGuide.service.TourGuideService.lambda$trackUserLocationList$1(TourGuideService.java:166)
	at java.util.concurrent.ThreadPoolExecutor.runWorker(ThreadPoolExecutor.java:1149)
	at java.util.concurrent.ThreadPoolExecutor$Worker.run(ThreadPoolExecutor.java:624)
	at java.lang.Thread.run(Thread.java:748)
Exception in thread "pool-4-thread-939" java.lang.NullPointerException
	at tourGuide.service.TourGuideService.trackUserLocation(TourGuideService.java:145)
	at tourGuide.service.TourGuideService.lambda$trackUserLocationList$1(TourGuideService.java:166)
	at java.util.concurrent.ThreadPoolExecutor.runWorker(ThreadPoolExecutor.java:1149)
	at java.util.concurrent.ThreadPoolExecutor$Worker.run(ThreadPoolExecutor.java:624)
	at java.lang.Thread.run(Thread.java:748)
Exception in thread "pool-4-thread-10" java.lang.NullPointerException
	at tourGuide.service.TourGuideService.trackUserLocation(TourGuideService.java:145)
	at tourGuide.service.TourGuideService.lambda$trackUserLocationList$1(TourGuideService.java:166)
	at java.util.concurrent.ThreadPoolExecutor.runWorker(ThreadPoolExecutor.java:1149)
	at java.util.concurrent.ThreadPoolExecutor$Worker.run(ThreadPoolExecutor.java:624)
	at java.lang.Thread.run(Thread.java:748)
Exception in thread "pool-4-thread-930" java.lang.NullPointerException
	at tourGuide.service.TourGuideService.trackUserLocation(TourGuideService.java:145)
	at tourGuide.service.TourGuideService.lambda$trackUserLocationList$1(TourGuideService.java:166)
	at java.util.concurrent.ThreadPoolExecutor.runWorker(ThreadPoolExecutor.java:1149)
	at java.util.concurrent.ThreadPoolExecutor$Worker.run(ThreadPoolExecutor.java:624)
	at java.lang.Thread.run(Thread.java:748)
Exception in thread "pool-4-thread-923" java.lang.NullPointerException
	at tourGuide.service.TourGuideService.trackUserLocation(TourGuideService.java:145)
	at tourGuide.service.TourGuideService.lambda$trackUserLocationList$1(TourGuideService.java:166)
	at java.util.concurrent.ThreadPoolExecutor.runWorker(ThreadPoolExecutor.java:1149)
	at java.util.concurrent.ThreadPoolExecutor$Worker.run(ThreadPoolExecutor.java:624)
	at java.lang.Thread.run(Thread.java:748)
Exception in thread "pool-4-thread-16" java.lang.NullPointerException
	at tourGuide.service.TourGuideService.trackUserLocation(TourGuideService.java:145)
	at tourGuide.service.TourGuideService.lambda$trackUserLocationList$1(TourGuideService.java:166)
	at java.util.concurrent.ThreadPoolExecutor.runWorker(ThreadPoolExecutor.java:1149)
	at java.util.concurrent.ThreadPoolExecutor$Worker.run(ThreadPoolExecutor.java:624)
	at java.lang.Thread.run(Thread.java:748)
Exception in thread "pool-4-thread-30" java.lang.NullPointerException
	at tourGuide.service.TourGuideService.trackUserLocation(TourGuideService.java:145)
	at tourGuide.service.TourGuideService.lambda$trackUserLocationList$1(TourGuideService.java:166)
	at java.util.concurrent.ThreadPoolExecutor.runWorker(ThreadPoolExecutor.java:1149)
	at java.util.concurrent.ThreadPoolExecutor$Worker.run(ThreadPoolExecutor.java:624)
	at java.lang.Thread.run(Thread.java:748)
Exception in thread "pool-4-thread-22" java.lang.NullPointerException
	at tourGuide.service.TourGuideService.trackUserLocation(TourGuideService.java:145)
	at tourGuide.service.TourGuideService.lambda$trackUserLocationList$1(TourGuideService.java:166)
	at java.util.concurrent.ThreadPoolExecutor.runWorker(ThreadPoolExecutor.java:1149)
	at java.util.concurrent.ThreadPoolExecutor$Worker.run(ThreadPoolExecutor.java:624)
	at java.lang.Thread.run(Thread.java:748)
Exception in thread "pool-4-thread-27" java.lang.NullPointerException
	at tourGuide.service.TourGuideService.trackUserLocation(TourGuideService.java:145)
	at tourGuide.service.TourGuideService.lambda$trackUserLocationList$1(TourGuideService.java:166)
	at java.util.concurrent.ThreadPoolExecutor.runWorker(ThreadPoolExecutor.java:1149)
	at java.util.concurrent.ThreadPoolExecutor$Worker.run(ThreadPoolExecutor.java:624)
	at java.lang.Thread.run(Thread.java:748)
Exception in thread "pool-4-thread-23" java.lang.NullPointerException
	at tourGuide.service.TourGuideService.trackUserLocation(TourGuideService.java:145)
	at tourGuide.service.TourGuideService.lambda$trackUserLocationList$1(TourGuideService.java:166)
	at java.util.concurrent.ThreadPoolExecutor.runWorker(ThreadPoolExecutor.java:1149)
	at java.util.concurrent.ThreadPoolExecutor$Worker.run(ThreadPoolExecutor.java:624)
	at java.lang.Thread.run(Thread.java:748)
Exception in thread "pool-4-thread-17" java.lang.NullPointerException
	at tourGuide.service.TourGuideService.trackUserLocation(TourGuideService.java:145)
	at tourGuide.service.TourGuideService.lambda$trackUserLocationList$1(TourGuideService.java:166)
	at java.util.concurrent.ThreadPoolExecutor.runWorker(ThreadPoolExecutor.java:1149)
	at java.util.concurrent.ThreadPoolExecutor$Worker.run(ThreadPoolExecutor.java:624)
	at java.lang.Thread.run(Thread.java:748)
Exception in thread "pool-4-thread-847" java.lang.NullPointerException
	at tourGuide.service.TourGuideService.trackUserLocation(TourGuideService.java:145)
	at tourGuide.service.TourGuideService.lambda$trackUserLocationList$1(TourGuideService.java:166)
	at java.util.concurrent.ThreadPoolExecutor.runWorker(ThreadPoolExecutor.java:1149)
	at java.util.concurrent.ThreadPoolExecutor$Worker.run(ThreadPoolExecutor.java:624)
	at java.lang.Thread.run(Thread.java:748)
Exception in thread "pool-4-thread-851" java.lang.NullPointerException
	at tourGuide.service.TourGuideService.trackUserLocation(TourGuideService.java:145)
	at tourGuide.service.TourGuideService.lambda$trackUserLocationList$1(TourGuideService.java:166)
	at java.util.concurrent.ThreadPoolExecutor.runWorker(ThreadPoolExecutor.java:1149)
	at java.util.concurrent.ThreadPoolExecutor$Worker.run(ThreadPoolExecutor.java:624)
	at java.lang.Thread.run(Thread.java:748)
Exception in thread "pool-4-thread-810" java.lang.NullPointerException
	at tourGuide.service.TourGuideService.trackUserLocation(TourGuideService.java:145)
	at tourGuide.service.TourGuideService.lambda$trackUserLocationList$1(TourGuideService.java:166)
	at java.util.concurrent.ThreadPoolExecutor.runWorker(ThreadPoolExecutor.java:1149)
	at java.util.concurrent.ThreadPoolExecutor$Worker.run(ThreadPoolExecutor.java:624)
	at java.lang.Thread.run(Thread.java:748)
Exception in thread "pool-4-thread-811" java.lang.NullPointerException
	at tourGuide.service.TourGuideService.trackUserLocation(TourGuideService.java:145)
	at tourGuide.service.TourGuideService.lambda$trackUserLocationList$1(TourGuideService.java:166)
	at java.util.concurrent.ThreadPoolExecutor.runWorker(ThreadPoolExecutor.java:1149)
	at java.util.concurrent.ThreadPoolExecutor$Worker.run(ThreadPoolExecutor.java:624)
	at java.lang.Thread.run(Thread.java:748)
Exception in thread "pool-4-thread-850" java.lang.NullPointerException
	at tourGuide.service.TourGuideService.trackUserLocation(TourGuideService.java:145)
	at tourGuide.service.TourGuideService.lambda$trackUserLocationList$1(TourGuideService.java:166)
	at java.util.concurrent.ThreadPoolExecutor.runWorker(ThreadPoolExecutor.java:1149)
	at java.util.concurrent.ThreadPoolExecutor$Worker.run(ThreadPoolExecutor.java:624)
	at java.lang.Thread.run(Thread.java:748)
Exception in thread "pool-4-thread-719" java.lang.NullPointerException
	at tourGuide.service.TourGuideService.trackUserLocation(TourGuideService.java:145)
	at tourGuide.service.TourGuideService.lambda$trackUserLocationList$1(TourGuideService.java:166)
	at java.util.concurrent.ThreadPoolExecutor.runWorker(ThreadPoolExecutor.java:1149)
	at java.util.concurrent.ThreadPoolExecutor$Worker.run(ThreadPoolExecutor.java:624)
	at java.lang.Thread.run(Thread.java:748)
Exception in thread "pool-4-thread-808" java.lang.NullPointerException
	at tourGuide.service.TourGuideService.trackUserLocation(TourGuideService.java:145)
	at tourGuide.service.TourGuideService.lambda$trackUserLocationList$1(TourGuideService.java:166)
	at java.util.concurrent.ThreadPoolExecutor.runWorker(ThreadPoolExecutor.java:1149)
	at java.util.concurrent.ThreadPoolExecutor$Worker.run(ThreadPoolExecutor.java:624)
	at java.lang.Thread.run(Thread.java:748)
Exception in thread "pool-4-thread-744" java.lang.NullPointerException
	at tourGuide.service.TourGuideService.trackUserLocation(TourGuideService.java:145)
	at tourGuide.service.TourGuideService.lambda$trackUserLocationList$1(TourGuideService.java:166)
	at java.util.concurrent.ThreadPoolExecutor.runWorker(ThreadPoolExecutor.java:1149)
	at java.util.concurrent.ThreadPoolExecutor$Worker.run(ThreadPoolExecutor.java:624)
	at java.lang.Thread.run(Thread.java:748)
Exception in thread "pool-4-thread-804" java.lang.NullPointerException
	at tourGuide.service.TourGuideService.trackUserLocation(TourGuideService.java:145)
	at tourGuide.service.TourGuideService.lambda$trackUserLocationList$1(TourGuideService.java:166)
	at java.util.concurrent.ThreadPoolExecutor.runWorker(ThreadPoolExecutor.java:1149)
	at java.util.concurrent.ThreadPoolExecutor$Worker.run(ThreadPoolExecutor.java:624)
	at java.lang.Thread.run(Thread.java:748)
Exception in thread "pool-4-thread-802" java.lang.NullPointerException
	at tourGuide.service.TourGuideService.trackUserLocation(TourGuideService.java:145)
	at tourGuide.service.TourGuideService.lambda$trackUserLocationList$1(TourGuideService.java:166)
	at java.util.concurrent.ThreadPoolExecutor.runWorker(ThreadPoolExecutor.java:1149)
	at java.util.concurrent.ThreadPoolExecutor$Worker.run(ThreadPoolExecutor.java:624)
	at java.lang.Thread.run(Thread.java:748)
Exception in thread "pool-4-thread-793" java.lang.NullPointerException
	at tourGuide.service.TourGuideService.trackUserLocation(TourGuideService.java:145)
	at tourGuide.service.TourGuideService.lambda$trackUserLocationList$1(TourGuideService.java:166)
	at java.util.concurrent.ThreadPoolExecutor.runWorker(ThreadPoolExecutor.java:1149)
	at java.util.concurrent.ThreadPoolExecutor$Worker.run(ThreadPoolExecutor.java:624)
	at java.lang.Thread.run(Thread.java:748)
Exception in thread "pool-4-thread-743" java.lang.NullPointerException
	at tourGuide.service.TourGuideService.trackUserLocation(TourGuideService.java:145)
	at tourGuide.service.TourGuideService.lambda$trackUserLocationList$1(TourGuideService.java:166)
	at java.util.concurrent.ThreadPoolExecutor.runWorker(ThreadPoolExecutor.java:1149)
	at java.util.concurrent.ThreadPoolExecutor$Worker.run(ThreadPoolExecutor.java:624)
	at java.lang.Thread.run(Thread.java:748)
Exception in thread "pool-4-thread-798" java.lang.NullPointerException
	at tourGuide.service.TourGuideService.trackUserLocation(TourGuideService.java:145)
	at tourGuide.service.TourGuideService.lambda$trackUserLocationList$1(TourGuideService.java:166)
	at java.util.concurrent.ThreadPoolExecutor.runWorker(ThreadPoolExecutor.java:1149)
	at java.util.concurrent.ThreadPoolExecutor$Worker.run(ThreadPoolExecutor.java:624)
	at java.lang.Thread.run(Thread.java:748)
Exception in thread "pool-4-thread-797" java.lang.NullPointerException
	at tourGuide.service.TourGuideService.trackUserLocation(TourGuideService.java:145)
	at tourGuide.service.TourGuideService.lambda$trackUserLocationList$1(TourGuideService.java:166)
	at java.util.concurrent.ThreadPoolExecutor.runWorker(ThreadPoolExecutor.java:1149)
	at java.util.concurrent.ThreadPoolExecutor$Worker.run(ThreadPoolExecutor.java:624)
	at java.lang.Thread.run(Thread.java:748)
Exception in thread "pool-4-thread-656" java.lang.NullPointerException
	at tourGuide.service.TourGuideService.trackUserLocation(TourGuideService.java:145)
	at tourGuide.service.TourGuideService.lambda$trackUserLocationList$1(TourGuideService.java:166)
	at java.util.concurrent.ThreadPoolExecutor.runWorker(ThreadPoolExecutor.java:1149)
	at java.util.concurrent.ThreadPoolExecutor$Worker.run(ThreadPoolExecutor.java:624)
	at java.lang.Thread.run(Thread.java:748)
Exception in thread "pool-4-thread-654" java.lang.NullPointerException
	at tourGuide.service.TourGuideService.trackUserLocation(TourGuideService.java:145)
	at tourGuide.service.TourGuideService.lambda$trackUserLocationList$1(TourGuideService.java:166)
	at java.util.concurrent.ThreadPoolExecutor.runWorker(ThreadPoolExecutor.java:1149)
	at java.util.concurrent.ThreadPoolExecutor$Worker.run(ThreadPoolExecutor.java:624)
	at java.lang.Thread.run(Thread.java:748)
Exception in thread "pool-4-thread-665" java.lang.NullPointerException
	at tourGuide.service.TourGuideService.trackUserLocation(TourGuideService.java:145)
	at tourGuide.service.TourGuideService.lambda$trackUserLocationList$1(TourGuideService.java:166)
	at java.util.concurrent.ThreadPoolExecutor.runWorker(ThreadPoolExecutor.java:1149)
	at java.util.concurrent.ThreadPoolExecutor$Worker.run(ThreadPoolExecutor.java:624)
	at java.lang.Thread.run(Thread.java:748)
Exception in thread "pool-4-thread-796" java.lang.NullPointerException
	at tourGuide.service.TourGuideService.trackUserLocation(TourGuideService.java:145)
	at tourGuide.service.TourGuideService.lambda$trackUserLocationList$1(TourGuideService.java:166)
	at java.util.concurrent.ThreadPoolExecutor.runWorker(ThreadPoolExecutor.java:1149)
	at java.util.concurrent.ThreadPoolExecutor$Worker.run(ThreadPoolExecutor.java:624)
	at java.lang.Thread.run(Thread.java:748)
Exception in thread "pool-4-thread-603" java.lang.NullPointerException
	at tourGuide.service.TourGuideService.trackUserLocation(TourGuideService.java:145)
	at tourGuide.service.TourGuideService.lambda$trackUserLocationList$1(TourGuideService.java:166)
	at java.util.concurrent.ThreadPoolExecutor.runWorker(ThreadPoolExecutor.java:1149)
	at java.util.concurrent.ThreadPoolExecutor$Worker.run(ThreadPoolExecutor.java:624)
	at java.lang.Thread.run(Thread.java:748)
Exception in thread "pool-4-thread-794" java.lang.NullPointerException
	at tourGuide.service.TourGuideService.trackUserLocation(TourGuideService.java:145)
	at tourGuide.service.TourGuideService.lambda$trackUserLocationList$1(TourGuideService.java:166)
	at java.util.concurrent.ThreadPoolExecutor.runWorker(ThreadPoolExecutor.java:1149)
	at java.util.concurrent.ThreadPoolExecutor$Worker.run(ThreadPoolExecutor.java:624)
	at java.lang.Thread.run(Thread.java:748)
Exception in thread "pool-4-thread-597" java.lang.NullPointerException
	at tourGuide.service.TourGuideService.trackUserLocation(TourGuideService.java:145)
	at tourGuide.service.TourGuideService.lambda$trackUserLocationList$1(TourGuideService.java:166)
	at java.util.concurrent.ThreadPoolExecutor.runWorker(ThreadPoolExecutor.java:1149)
	at java.util.concurrent.ThreadPoolExecutor$Worker.run(ThreadPoolExecutor.java:624)
	at java.lang.Thread.run(Thread.java:748)
Exception in thread "pool-4-thread-795" java.lang.NullPointerException
	at tourGuide.service.TourGuideService.trackUserLocation(TourGuideService.java:145)
	at tourGuide.service.TourGuideService.lambda$trackUserLocationList$1(TourGuideService.java:166)
	at java.util.concurrent.ThreadPoolExecutor.runWorker(ThreadPoolExecutor.java:1149)
	at java.util.concurrent.ThreadPoolExecutor$Worker.run(ThreadPoolExecutor.java:624)
	at java.lang.Thread.run(Thread.java:748)
Exception in thread "pool-4-thread-590" java.lang.NullPointerException
	at tourGuide.service.TourGuideService.trackUserLocation(TourGuideService.java:145)
	at tourGuide.service.TourGuideService.lambda$trackUserLocationList$1(TourGuideService.java:166)
	at java.util.concurrent.ThreadPoolExecutor.runWorker(ThreadPoolExecutor.java:1149)
	at java.util.concurrent.ThreadPoolExecutor$Worker.run(ThreadPoolExecutor.java:624)
	at java.lang.Thread.run(Thread.java:748)
Exception in thread "pool-4-thread-578" java.lang.NullPointerException
	at tourGuide.service.TourGuideService.trackUserLocation(TourGuideService.java:145)
	at tourGuide.service.TourGuideService.lambda$trackUserLocationList$1(TourGuideService.java:166)
	at java.util.concurrent.ThreadPoolExecutor.runWorker(ThreadPoolExecutor.java:1149)
	at java.util.concurrent.ThreadPoolExecutor$Worker.run(ThreadPoolExecutor.java:624)
	at java.lang.Thread.run(Thread.java:748)
Exception in thread "pool-4-thread-552" java.lang.NullPointerException
	at tourGuide.service.TourGuideService.trackUserLocation(TourGuideService.java:145)
	at tourGuide.service.TourGuideService.lambda$trackUserLocationList$1(TourGuideService.java:166)
	at java.util.concurrent.ThreadPoolExecutor.runWorker(ThreadPoolExecutor.java:1149)
	at java.util.concurrent.ThreadPoolExecutor$Worker.run(ThreadPoolExecutor.java:624)
	at java.lang.Thread.run(Thread.java:748)
Exception in thread "pool-4-thread-549" java.lang.NullPointerException
	at tourGuide.service.TourGuideService.trackUserLocation(TourGuideService.java:145)
	at tourGuide.service.TourGuideService.lambda$trackUserLocationList$1(TourGuideService.java:166)
	at java.util.concurrent.ThreadPoolExecutor.runWorker(ThreadPoolExecutor.java:1149)
	at java.util.concurrent.ThreadPoolExecutor$Worker.run(ThreadPoolExecutor.java:624)
	at java.lang.Thread.run(Thread.java:748)
Exception in thread "pool-4-thread-547" java.lang.NullPointerException
	at tourGuide.service.TourGuideService.trackUserLocation(TourGuideService.java:145)
	at tourGuide.service.TourGuideService.lambda$trackUserLocationList$1(TourGuideService.java:166)
	at java.util.concurrent.ThreadPoolExecutor.runWorker(ThreadPoolExecutor.java:1149)
	at java.util.concurrent.ThreadPoolExecutor$Worker.run(ThreadPoolExecutor.java:624)
	at java.lang.Thread.run(Thread.java:748)
Exception in thread "pool-4-thread-544" java.lang.NullPointerException
	at tourGuide.service.TourGuideService.trackUserLocation(TourGuideService.java:145)
	at tourGuide.service.TourGuideService.lambda$trackUserLocationList$1(TourGuideService.java:166)
	at java.util.concurrent.ThreadPoolExecutor.runWorker(ThreadPoolExecutor.java:1149)
	at java.util.concurrent.ThreadPoolExecutor$Worker.run(ThreadPoolExecutor.java:624)
	at java.lang.Thread.run(Thread.java:748)
Exception in thread "pool-4-thread-540" java.lang.NullPointerException
	at tourGuide.service.TourGuideService.trackUserLocation(TourGuideService.java:145)
	at tourGuide.service.TourGuideService.lambda$trackUserLocationList$1(TourGuideService.java:166)
	at java.util.concurrent.ThreadPoolExecutor.runWorker(ThreadPoolExecutor.java:1149)
	at java.util.concurrent.ThreadPoolExecutor$Worker.run(ThreadPoolExecutor.java:624)
	at java.lang.Thread.run(Thread.java:748)
Exception in thread "pool-4-thread-566" java.lang.NullPointerException
	at tourGuide.service.TourGuideService.trackUserLocation(TourGuideService.java:145)
	at tourGuide.service.TourGuideService.lambda$trackUserLocationList$1(TourGuideService.java:166)
	at java.util.concurrent.ThreadPoolExecutor.runWorker(ThreadPoolExecutor.java:1149)
	at java.util.concurrent.ThreadPoolExecutor$Worker.run(ThreadPoolExecutor.java:624)
	at java.lang.Thread.run(Thread.java:748)
Exception in thread "pool-4-thread-539" java.lang.NullPointerException
	at tourGuide.service.TourGuideService.trackUserLocation(TourGuideService.java:145)
	at tourGuide.service.TourGuideService.lambda$trackUserLocationList$1(TourGuideService.java:166)
	at java.util.concurrent.ThreadPoolExecutor.runWorker(ThreadPoolExecutor.java:1149)
	at java.util.concurrent.ThreadPoolExecutor$Worker.run(ThreadPoolExecutor.java:624)
	at java.lang.Thread.run(Thread.java:748)
Exception in thread "pool-4-thread-538" java.lang.NullPointerException
	at tourGuide.service.TourGuideService.trackUserLocation(TourGuideService.java:145)
	at tourGuide.service.TourGuideService.lambda$trackUserLocationList$1(TourGuideService.java:166)
	at java.util.concurrent.ThreadPoolExecutor.runWorker(ThreadPoolExecutor.java:1149)
	at java.util.concurrent.ThreadPoolExecutor$Worker.run(ThreadPoolExecutor.java:624)
	at java.lang.Thread.run(Thread.java:748)
Exception in thread "pool-4-thread-537" java.lang.NullPointerException
	at tourGuide.service.TourGuideService.trackUserLocation(TourGuideService.java:145)
	at tourGuide.service.TourGuideService.lambda$trackUserLocationList$1(TourGuideService.java:166)
	at java.util.concurrent.ThreadPoolExecutor.runWorker(ThreadPoolExecutor.java:1149)
	at java.util.concurrent.ThreadPoolExecutor$Worker.run(ThreadPoolExecutor.java:624)
	at java.lang.Thread.run(Thread.java:748)
Exception in thread "pool-4-thread-536" java.lang.NullPointerException
	at tourGuide.service.TourGuideService.trackUserLocation(TourGuideService.java:145)
	at tourGuide.service.TourGuideService.lambda$trackUserLocationList$1(TourGuideService.java:166)
	at java.util.concurrent.ThreadPoolExecutor.runWorker(ThreadPoolExecutor.java:1149)
	at java.util.concurrent.ThreadPoolExecutor$Worker.run(ThreadPoolExecutor.java:624)
	at java.lang.Thread.run(Thread.java:748)
Exception in thread "pool-4-thread-535" java.lang.NullPointerException
	at tourGuide.service.TourGuideService.trackUserLocation(TourGuideService.java:145)
	at tourGuide.service.TourGuideService.lambda$trackUserLocationList$1(TourGuideService.java:166)
	at java.util.concurrent.ThreadPoolExecutor.runWorker(ThreadPoolExecutor.java:1149)
	at java.util.concurrent.ThreadPoolExecutor$Worker.run(ThreadPoolExecutor.java:624)
	at java.lang.Thread.run(Thread.java:748)
Exception in thread "pool-4-thread-534" java.lang.NullPointerException
	at tourGuide.service.TourGuideService.trackUserLocation(TourGuideService.java:145)
	at tourGuide.service.TourGuideService.lambda$trackUserLocationList$1(TourGuideService.java:166)
	at java.util.concurrent.ThreadPoolExecutor.runWorker(ThreadPoolExecutor.java:1149)
	at java.util.concurrent.ThreadPoolExecutor$Worker.run(ThreadPoolExecutor.java:624)
	at java.lang.Thread.run(Thread.java:748)
Exception in thread "pool-4-thread-562" java.lang.NullPointerException
	at tourGuide.service.TourGuideService.trackUserLocation(TourGuideService.java:145)
	at tourGuide.service.TourGuideService.lambda$trackUserLocationList$1(TourGuideService.java:166)
	at java.util.concurrent.ThreadPoolExecutor.runWorker(ThreadPoolExecutor.java:1149)
	at java.util.concurrent.ThreadPoolExecutor$Worker.run(ThreadPoolExecutor.java:624)
	at java.lang.Thread.run(Thread.java:748)
Exception in thread "pool-4-thread-557" java.lang.NullPointerException
	at tourGuide.service.TourGuideService.trackUserLocation(TourGuideService.java:145)
	at tourGuide.service.TourGuideService.lambda$trackUserLocationList$1(TourGuideService.java:166)
	at java.util.concurrent.ThreadPoolExecutor.runWorker(ThreadPoolExecutor.java:1149)
	at java.util.concurrent.ThreadPoolExecutor$Worker.run(ThreadPoolExecutor.java:624)
	at java.lang.Thread.run(Thread.java:748)
Exception in thread "pool-4-thread-558" java.lang.NullPointerException
	at tourGuide.service.TourGuideService.trackUserLocation(TourGuideService.java:145)
	at tourGuide.service.TourGuideService.lambda$trackUserLocationList$1(TourGuideService.java:166)
	at java.util.concurrent.ThreadPoolExecutor.runWorker(ThreadPoolExecutor.java:1149)
	at java.util.concurrent.ThreadPoolExecutor$Worker.run(ThreadPoolExecutor.java:624)
	at java.lang.Thread.run(Thread.java:748)
Exception in thread "pool-4-thread-559" java.lang.NullPointerException
	at tourGuide.service.TourGuideService.trackUserLocation(TourGuideService.java:145)
	at tourGuide.service.TourGuideService.lambda$trackUserLocationList$1(TourGuideService.java:166)
	at java.util.concurrent.ThreadPoolExecutor.runWorker(ThreadPoolExecutor.java:1149)
	at java.util.concurrent.ThreadPoolExecutor$Worker.run(ThreadPoolExecutor.java:624)
	at java.lang.Thread.run(Thread.java:748)
Exception in thread "pool-4-thread-561" java.lang.NullPointerException
	at tourGuide.service.TourGuideService.trackUserLocation(TourGuideService.java:145)
	at tourGuide.service.TourGuideService.lambda$trackUserLocationList$1(TourGuideService.java:166)
	at java.util.concurrent.ThreadPoolExecutor.runWorker(ThreadPoolExecutor.java:1149)
	at java.util.concurrent.ThreadPoolExecutor$Worker.run(ThreadPoolExecutor.java:624)
	at java.lang.Thread.run(Thread.java:748)
Exception in thread "pool-4-thread-575" java.lang.NullPointerException
	at tourGuide.service.TourGuideService.trackUserLocation(TourGuideService.java:145)
	at tourGuide.service.TourGuideService.lambda$trackUserLocationList$1(TourGuideService.java:166)
	at java.util.concurrent.ThreadPoolExecutor.runWorker(ThreadPoolExecutor.java:1149)
	at java.util.concurrent.ThreadPoolExecutor$Worker.run(ThreadPoolExecutor.java:624)
	at java.lang.Thread.run(Thread.java:748)
Exception in thread "pool-4-thread-932" java.lang.NullPointerException
	at tourGuide.service.TourGuideService.trackUserLocation(TourGuideService.java:145)
	at tourGuide.service.TourGuideService.lambda$trackUserLocationList$1(TourGuideService.java:166)
	at java.util.concurrent.ThreadPoolExecutor.runWorker(ThreadPoolExecutor.java:1149)
	at java.util.concurrent.ThreadPoolExecutor$Worker.run(ThreadPoolExecutor.java:624)
	at java.lang.Thread.run(Thread.java:748)
Exception in thread "pool-4-thread-959" java.lang.NullPointerException
	at tourGuide.service.TourGuideService.trackUserLocation(TourGuideService.java:145)
	at tourGuide.service.TourGuideService.lambda$trackUserLocationList$1(TourGuideService.java:166)
	at java.util.concurrent.ThreadPoolExecutor.runWorker(ThreadPoolExecutor.java:1149)
	at java.util.concurrent.ThreadPoolExecutor$Worker.run(ThreadPoolExecutor.java:624)
	at java.lang.Thread.run(Thread.java:748)
Exception in thread "pool-4-thread-857" java.lang.NullPointerException
	at tourGuide.service.TourGuideService.trackUserLocation(TourGuideService.java:145)
	at tourGuide.service.TourGuideService.lambda$trackUserLocationList$1(TourGuideService.java:166)
	at java.util.concurrent.ThreadPoolExecutor.runWorker(ThreadPoolExecutor.java:1149)
	at java.util.concurrent.ThreadPoolExecutor$Worker.run(ThreadPoolExecutor.java:624)
	at java.lang.Thread.run(Thread.java:748)
Exception in thread "pool-4-thread-889" java.lang.NullPointerException
	at tourGuide.service.TourGuideService.trackUserLocation(TourGuideService.java:145)
	at tourGuide.service.TourGuideService.lambda$trackUserLocationList$1(TourGuideService.java:166)
	at java.util.concurrent.ThreadPoolExecutor.runWorker(ThreadPoolExecutor.java:1149)
	at java.util.concurrent.ThreadPoolExecutor$Worker.run(ThreadPoolExecutor.java:624)
	at java.lang.Thread.run(Thread.java:748)
Exception in thread "pool-4-thread-576" java.lang.NullPointerException
	at tourGuide.service.TourGuideService.trackUserLocation(TourGuideService.java:145)
	at tourGuide.service.TourGuideService.lambda$trackUserLocationList$1(TourGuideService.java:166)
	at java.util.concurrent.ThreadPoolExecutor.runWorker(ThreadPoolExecutor.java:1149)
	at java.util.concurrent.ThreadPoolExecutor$Worker.run(ThreadPoolExecutor.java:624)
	at java.lang.Thread.run(Thread.java:748)
Exception in thread "pool-4-thread-266" java.lang.NullPointerException
	at tourGuide.service.TourGuideService.trackUserLocation(TourGuideService.java:145)
	at tourGuide.service.TourGuideService.lambda$trackUserLocationList$1(TourGuideService.java:166)
	at java.util.concurrent.ThreadPoolExecutor.runWorker(ThreadPoolExecutor.java:1149)
	at java.util.concurrent.ThreadPoolExecutor$Worker.run(ThreadPoolExecutor.java:624)
	at java.lang.Thread.run(Thread.java:748)
Exception in thread "pool-4-thread-888" java.lang.NullPointerException
	at tourGuide.service.TourGuideService.trackUserLocation(TourGuideService.java:145)
	at tourGuide.service.TourGuideService.lambda$trackUserLocationList$1(TourGuideService.java:166)
	at java.util.concurrent.ThreadPoolExecutor.runWorker(ThreadPoolExecutor.java:1149)
	at java.util.concurrent.ThreadPoolExecutor$Worker.run(ThreadPoolExecutor.java:624)
	at java.lang.Thread.run(Thread.java:748)
Exception in thread "pool-4-thread-890" java.lang.NullPointerException
	at tourGuide.service.TourGuideService.trackUserLocation(TourGuideService.java:145)
	at tourGuide.service.TourGuideService.lambda$trackUserLocationList$1(TourGuideService.java:166)
	at java.util.concurrent.ThreadPoolExecutor.runWorker(ThreadPoolExecutor.java:1149)
	at java.util.concurrent.ThreadPoolExecutor$Worker.run(ThreadPoolExecutor.java:624)
	at java.lang.Thread.run(Thread.java:748)
Exception in thread "pool-4-thread-272" java.lang.NullPointerException
	at tourGuide.service.TourGuideService.trackUserLocation(TourGuideService.java:145)
	at tourGuide.service.TourGuideService.lambda$trackUserLocationList$1(TourGuideService.java:166)
	at java.util.concurrent.ThreadPoolExecutor.runWorker(ThreadPoolExecutor.java:1149)
	at java.util.concurrent.ThreadPoolExecutor$Worker.run(ThreadPoolExecutor.java:624)
	at java.lang.Thread.run(Thread.java:748)
Exception in thread "pool-4-thread-916" java.lang.NullPointerException
	at tourGuide.service.TourGuideService.trackUserLocation(TourGuideService.java:145)
	at tourGuide.service.TourGuideService.lambda$trackUserLocationList$1(TourGuideService.java:166)
	at java.util.concurrent.ThreadPoolExecutor.runWorker(ThreadPoolExecutor.java:1149)
	at java.util.concurrent.ThreadPoolExecutor$Worker.run(ThreadPoolExecutor.java:624)
	at java.lang.Thread.run(Thread.java:748)
Exception in thread "pool-4-thread-914" java.lang.NullPointerException
	at tourGuide.service.TourGuideService.trackUserLocation(TourGuideService.java:145)
	at tourGuide.service.TourGuideService.lambda$trackUserLocationList$1(TourGuideService.java:166)
	at java.util.concurrent.ThreadPoolExecutor.runWorker(ThreadPoolExecutor.java:1149)
	at java.util.concurrent.ThreadPoolExecutor$Worker.run(ThreadPoolExecutor.java:624)
	at java.lang.Thread.run(Thread.java:748)
Exception in thread "pool-4-thread-933" java.lang.NullPointerException
	at tourGuide.service.TourGuideService.trackUserLocation(TourGuideService.java:145)
	at tourGuide.service.TourGuideService.lambda$trackUserLocationList$1(TourGuideService.java:166)
	at java.util.concurrent.ThreadPoolExecutor.runWorker(ThreadPoolExecutor.java:1149)
	at java.util.concurrent.ThreadPoolExecutor$Worker.run(ThreadPoolExecutor.java:624)
	at java.lang.Thread.run(Thread.java:748)
Exception in thread "pool-4-thread-931" java.lang.NullPointerException
	at tourGuide.service.TourGuideService.trackUserLocation(TourGuideService.java:145)
	at tourGuide.service.TourGuideService.lambda$trackUserLocationList$1(TourGuideService.java:166)
	at java.util.concurrent.ThreadPoolExecutor.runWorker(ThreadPoolExecutor.java:1149)
	at java.util.concurrent.ThreadPoolExecutor$Worker.run(ThreadPoolExecutor.java:624)
	at java.lang.Thread.run(Thread.java:748)
Exception in thread "pool-4-thread-938" java.lang.NullPointerException
	at tourGuide.service.TourGuideService.trackUserLocation(TourGuideService.java:145)
	at tourGuide.service.TourGuideService.lambda$trackUserLocationList$1(TourGuideService.java:166)
	at java.util.concurrent.ThreadPoolExecutor.runWorker(ThreadPoolExecutor.java:1149)
	at java.util.concurrent.ThreadPoolExecutor$Worker.run(ThreadPoolExecutor.java:624)
	at java.lang.Thread.run(Thread.java:748)
Exception in thread "pool-4-thread-940" java.lang.NullPointerException
	at tourGuide.service.TourGuideService.trackUserLocation(TourGuideService.java:145)
	at tourGuide.service.TourGuideService.lambda$trackUserLocationList$1(TourGuideService.java:166)
	at java.util.concurrent.ThreadPoolExecutor.runWorker(ThreadPoolExecutor.java:1149)
	at java.util.concurrent.ThreadPoolExecutor$Worker.run(ThreadPoolExecutor.java:624)
	at java.lang.Thread.run(Thread.java:748)
Exception in thread "pool-4-thread-277" java.lang.NullPointerException
	at tourGuide.service.TourGuideService.trackUserLocation(TourGuideService.java:145)
	at tourGuide.service.TourGuideService.lambda$trackUserLocationList$1(TourGuideService.java:166)
	at java.util.concurrent.ThreadPoolExecutor.runWorker(ThreadPoolExecutor.java:1149)
	at java.util.concurrent.ThreadPoolExecutor$Worker.run(ThreadPoolExecutor.java:624)
	at java.lang.Thread.run(Thread.java:748)
Exception in thread "pool-4-thread-273" java.lang.NullPointerException
	at tourGuide.service.TourGuideService.trackUserLocation(TourGuideService.java:145)
	at tourGuide.service.TourGuideService.lambda$trackUserLocationList$1(TourGuideService.java:166)
	at java.util.concurrent.ThreadPoolExecutor.runWorker(ThreadPoolExecutor.java:1149)
	at java.util.concurrent.ThreadPoolExecutor$Worker.run(ThreadPoolExecutor.java:624)
	at java.lang.Thread.run(Thread.java:748)
Exception in thread "pool-4-thread-270" java.lang.NullPointerException
	at tourGuide.service.TourGuideService.trackUserLocation(TourGuideService.java:145)
	at tourGuide.service.TourGuideService.lambda$trackUserLocationList$1(TourGuideService.java:166)
	at java.util.concurrent.ThreadPoolExecutor.runWorker(ThreadPoolExecutor.java:1149)
	at java.util.concurrent.ThreadPoolExecutor$Worker.run(ThreadPoolExecutor.java:624)
	at java.lang.Thread.run(Thread.java:748)
Exception in thread "pool-4-thread-303" java.lang.NullPointerException
	at tourGuide.service.TourGuideService.trackUserLocation(TourGuideService.java:145)
	at tourGuide.service.TourGuideService.lambda$trackUserLocationList$1(TourGuideService.java:166)
	at java.util.concurrent.ThreadPoolExecutor.runWorker(ThreadPoolExecutor.java:1149)
	at java.util.concurrent.ThreadPoolExecutor$Worker.run(ThreadPoolExecutor.java:624)
	at java.lang.Thread.run(Thread.java:748)
Exception in thread "pool-4-thread-295" java.lang.NullPointerException
	at tourGuide.service.TourGuideService.trackUserLocation(TourGuideService.java:145)
	at tourGuide.service.TourGuideService.lambda$trackUserLocationList$1(TourGuideService.java:166)
	at java.util.concurrent.ThreadPoolExecutor.runWorker(ThreadPoolExecutor.java:1149)
	at java.util.concurrent.ThreadPoolExecutor$Worker.run(ThreadPoolExecutor.java:624)
	at java.lang.Thread.run(Thread.java:748)
Exception in thread "pool-4-thread-292" java.lang.NullPointerException
	at tourGuide.service.TourGuideService.trackUserLocation(TourGuideService.java:145)
	at tourGuide.service.TourGuideService.lambda$trackUserLocationList$1(TourGuideService.java:166)
	at java.util.concurrent.ThreadPoolExecutor.runWorker(ThreadPoolExecutor.java:1149)
	at java.util.concurrent.ThreadPoolExecutor$Worker.run(ThreadPoolExecutor.java:624)
	at java.lang.Thread.run(Thread.java:748)
Exception in thread "pool-4-thread-352" java.lang.NullPointerException
	at tourGuide.service.TourGuideService.trackUserLocation(TourGuideService.java:145)
	at tourGuide.service.TourGuideService.lambda$trackUserLocationList$1(TourGuideService.java:166)
	at java.util.concurrent.ThreadPoolExecutor.runWorker(ThreadPoolExecutor.java:1149)
	at java.util.concurrent.ThreadPoolExecutor$Worker.run(ThreadPoolExecutor.java:624)
	at java.lang.Thread.run(Thread.java:748)
Exception in thread "pool-4-thread-532" java.lang.NullPointerException
	at tourGuide.service.TourGuideService.trackUserLocation(TourGuideService.java:145)
	at tourGuide.service.TourGuideService.lambda$trackUserLocationList$1(TourGuideService.java:166)
	at java.util.concurrent.ThreadPoolExecutor.runWorker(ThreadPoolExecutor.java:1149)
	at java.util.concurrent.ThreadPoolExecutor$Worker.run(ThreadPoolExecutor.java:624)
	at java.lang.Thread.run(Thread.java:748)
Exception in thread "pool-4-thread-356" java.lang.NullPointerException
	at tourGuide.service.TourGuideService.trackUserLocation(TourGuideService.java:145)
	at tourGuide.service.TourGuideService.lambda$trackUserLocationList$1(TourGuideService.java:166)
	at java.util.concurrent.ThreadPoolExecutor.runWorker(ThreadPoolExecutor.java:1149)
	at java.util.concurrent.ThreadPoolExecutor$Worker.run(ThreadPoolExecutor.java:624)
	at java.lang.Thread.run(Thread.java:748)
Exception in thread "pool-4-thread-390" java.lang.NullPointerException
	at tourGuide.service.TourGuideService.trackUserLocation(TourGuideService.java:145)
	at tourGuide.service.TourGuideService.lambda$trackUserLocationList$1(TourGuideService.java:166)
	at java.util.concurrent.ThreadPoolExecutor.runWorker(ThreadPoolExecutor.java:1149)
	at java.util.concurrent.ThreadPoolExecutor$Worker.run(ThreadPoolExecutor.java:624)
	at java.lang.Thread.run(Thread.java:748)
Exception in thread "pool-4-thread-383" java.lang.NullPointerException
	at tourGuide.service.TourGuideService.trackUserLocation(TourGuideService.java:145)
	at tourGuide.service.TourGuideService.lambda$trackUserLocationList$1(TourGuideService.java:166)
	at java.util.concurrent.ThreadPoolExecutor.runWorker(ThreadPoolExecutor.java:1149)
	at java.util.concurrent.ThreadPoolExecutor$Worker.run(ThreadPoolExecutor.java:624)
	at java.lang.Thread.run(Thread.java:748)
Exception in thread "pool-4-thread-391" java.lang.NullPointerException
	at tourGuide.service.TourGuideService.trackUserLocation(TourGuideService.java:145)
	at tourGuide.service.TourGuideService.lambda$trackUserLocationList$1(TourGuideService.java:166)
	at java.util.concurrent.ThreadPoolExecutor.runWorker(ThreadPoolExecutor.java:1149)
	at java.util.concurrent.ThreadPoolExecutor$Worker.run(ThreadPoolExecutor.java:624)
	at java.lang.Thread.run(Thread.java:748)
Exception in thread "pool-4-thread-392" java.lang.NullPointerException
	at tourGuide.service.TourGuideService.trackUserLocation(TourGuideService.java:145)
	at tourGuide.service.TourGuideService.lambda$trackUserLocationList$1(TourGuideService.java:166)
	at java.util.concurrent.ThreadPoolExecutor.runWorker(ThreadPoolExecutor.java:1149)
	at java.util.concurrent.ThreadPoolExecutor$Worker.run(ThreadPoolExecutor.java:624)
	at java.lang.Thread.run(Thread.java:748)
Exception in thread "pool-4-thread-393" java.lang.NullPointerException
	at tourGuide.service.TourGuideService.trackUserLocation(TourGuideService.java:145)
	at tourGuide.service.TourGuideService.lambda$trackUserLocationList$1(TourGuideService.java:166)
	at java.util.concurrent.ThreadPoolExecutor.runWorker(ThreadPoolExecutor.java:1149)
	at java.util.concurrent.ThreadPoolExecutor$Worker.run(ThreadPoolExecutor.java:624)
	at java.lang.Thread.run(Thread.java:748)
Exception in thread "pool-4-thread-394" java.lang.NullPointerException
	at tourGuide.service.TourGuideService.trackUserLocation(TourGuideService.java:145)
	at tourGuide.service.TourGuideService.lambda$trackUserLocationList$1(TourGuideService.java:166)
	at java.util.concurrent.ThreadPoolExecutor.runWorker(ThreadPoolExecutor.java:1149)
	at java.util.concurrent.ThreadPoolExecutor$Worker.run(ThreadPoolExecutor.java:624)
	at java.lang.Thread.run(Thread.java:748)
Exception in thread "pool-4-thread-395" java.lang.NullPointerException
	at tourGuide.service.TourGuideService.trackUserLocation(TourGuideService.java:145)
	at tourGuide.service.TourGuideService.lambda$trackUserLocationList$1(TourGuideService.java:166)
	at java.util.concurrent.ThreadPoolExecutor.runWorker(ThreadPoolExecutor.java:1149)
	at java.util.concurrent.ThreadPoolExecutor$Worker.run(ThreadPoolExecutor.java:624)
	at java.lang.Thread.run(Thread.java:748)
Exception in thread "pool-4-thread-382" java.lang.NullPointerException
	at tourGuide.service.TourGuideService.trackUserLocation(TourGuideService.java:145)
	at tourGuide.service.TourGuideService.lambda$trackUserLocationList$1(TourGuideService.java:166)
	at java.util.concurrent.ThreadPoolExecutor.runWorker(ThreadPoolExecutor.java:1149)
	at java.util.concurrent.ThreadPoolExecutor$Worker.run(ThreadPoolExecutor.java:624)
	at java.lang.Thread.run(Thread.java:748)
Exception in thread "pool-4-thread-268" java.lang.NullPointerException
	at tourGuide.service.TourGuideService.trackUserLocation(TourGuideService.java:145)
	at tourGuide.service.TourGuideService.lambda$trackUserLocationList$1(TourGuideService.java:166)
	at java.util.concurrent.ThreadPoolExecutor.runWorker(ThreadPoolExecutor.java:1149)
	at java.util.concurrent.ThreadPoolExecutor$Worker.run(ThreadPoolExecutor.java:624)
	at java.lang.Thread.run(Thread.java:748)
Exception in thread "pool-4-thread-396" java.lang.NullPointerException
	at tourGuide.service.TourGuideService.trackUserLocation(TourGuideService.java:145)
	at tourGuide.service.TourGuideService.lambda$trackUserLocationList$1(TourGuideService.java:166)
	at java.util.concurrent.ThreadPoolExecutor.runWorker(ThreadPoolExecutor.java:1149)
	at java.util.concurrent.ThreadPoolExecutor$Worker.run(ThreadPoolExecutor.java:624)
	at java.lang.Thread.run(Thread.java:748)
Exception in thread "pool-4-thread-400" java.lang.NullPointerException
	at tourGuide.service.TourGuideService.trackUserLocation(TourGuideService.java:145)
	at tourGuide.service.TourGuideService.lambda$trackUserLocationList$1(TourGuideService.java:166)
	at java.util.concurrent.ThreadPoolExecutor.runWorker(ThreadPoolExecutor.java:1149)
	at java.util.concurrent.ThreadPoolExecutor$Worker.run(ThreadPoolExecutor.java:624)
	at java.lang.Thread.run(Thread.java:748)
Exception in thread "pool-4-thread-403" java.lang.NullPointerException
	at tourGuide.service.TourGuideService.trackUserLocation(TourGuideService.java:145)
	at tourGuide.service.TourGuideService.lambda$trackUserLocationList$1(TourGuideService.java:166)
	at java.util.concurrent.ThreadPoolExecutor.runWorker(ThreadPoolExecutor.java:1149)
	at java.util.concurrent.ThreadPoolExecutor$Worker.run(ThreadPoolExecutor.java:624)
	at java.lang.Thread.run(Thread.java:748)
Exception in thread "pool-4-thread-311" java.lang.NullPointerException
	at tourGuide.service.TourGuideService.trackUserLocation(TourGuideService.java:145)
	at tourGuide.service.TourGuideService.lambda$trackUserLocationList$1(TourGuideService.java:166)
	at java.util.concurrent.ThreadPoolExecutor.runWorker(ThreadPoolExecutor.java:1149)
	at java.util.concurrent.ThreadPoolExecutor$Worker.run(ThreadPoolExecutor.java:624)
	at java.lang.Thread.run(Thread.java:748)
Exception in thread "pool-4-thread-530" java.lang.NullPointerException
	at tourGuide.service.TourGuideService.trackUserLocation(TourGuideService.java:145)
	at tourGuide.service.TourGuideService.lambda$trackUserLocationList$1(TourGuideService.java:166)
	at java.util.concurrent.ThreadPoolExecutor.runWorker(ThreadPoolExecutor.java:1149)
	at java.util.concurrent.ThreadPoolExecutor$Worker.run(ThreadPoolExecutor.java:624)
	at java.lang.Thread.run(Thread.java:748)
Exception in thread "pool-4-thread-404" java.lang.NullPointerException
	at tourGuide.service.TourGuideService.trackUserLocation(TourGuideService.java:145)
	at tourGuide.service.TourGuideService.lambda$trackUserLocationList$1(TourGuideService.java:166)
	at java.util.concurrent.ThreadPoolExecutor.runWorker(ThreadPoolExecutor.java:1149)
	at java.util.concurrent.ThreadPoolExecutor$Worker.run(ThreadPoolExecutor.java:624)
	at java.lang.Thread.run(Thread.java:748)
Exception in thread "pool-4-thread-560" java.lang.NullPointerException
	at tourGuide.service.TourGuideService.trackUserLocation(TourGuideService.java:145)
	at tourGuide.service.TourGuideService.lambda$trackUserLocationList$1(TourGuideService.java:166)
	at java.util.concurrent.ThreadPoolExecutor.runWorker(ThreadPoolExecutor.java:1149)
	at java.util.concurrent.ThreadPoolExecutor$Worker.run(ThreadPoolExecutor.java:624)
	at java.lang.Thread.run(Thread.java:748)
Exception in thread "pool-4-thread-533" java.lang.NullPointerException
	at tourGuide.service.TourGuideService.trackUserLocation(TourGuideService.java:145)
	at tourGuide.service.TourGuideService.lambda$trackUserLocationList$1(TourGuideService.java:166)
	at java.util.concurrent.ThreadPoolExecutor.runWorker(ThreadPoolExecutor.java:1149)
	at java.util.concurrent.ThreadPoolExecutor$Worker.run(ThreadPoolExecutor.java:624)
	at java.lang.Thread.run(Thread.java:748)
Exception in thread "pool-4-thread-541" java.lang.NullPointerException
	at tourGuide.service.TourGuideService.trackUserLocation(TourGuideService.java:145)
	at tourGuide.service.TourGuideService.lambda$trackUserLocationList$1(TourGuideService.java:166)
	at java.util.concurrent.ThreadPoolExecutor.runWorker(ThreadPoolExecutor.java:1149)
	at java.util.concurrent.ThreadPoolExecutor$Worker.run(ThreadPoolExecutor.java:624)
	at java.lang.Thread.run(Thread.java:748)
Exception in thread "pool-4-thread-542" java.lang.NullPointerException
	at tourGuide.service.TourGuideService.trackUserLocation(TourGuideService.java:145)
	at tourGuide.service.TourGuideService.lambda$trackUserLocationList$1(TourGuideService.java:166)
	at java.util.concurrent.ThreadPoolExecutor.runWorker(ThreadPoolExecutor.java:1149)
	at java.util.concurrent.ThreadPoolExecutor$Worker.run(ThreadPoolExecutor.java:624)
	at java.lang.Thread.run(Thread.java:748)
Exception in thread "pool-4-thread-543" java.lang.NullPointerException
	at tourGuide.service.TourGuideService.trackUserLocation(TourGuideService.java:145)
	at tourGuide.service.TourGuideService.lambda$trackUserLocationList$1(TourGuideService.java:166)
	at java.util.concurrent.ThreadPoolExecutor.runWorker(ThreadPoolExecutor.java:1149)
	at java.util.concurrent.ThreadPoolExecutor$Worker.run(ThreadPoolExecutor.java:624)
	at java.lang.Thread.run(Thread.java:748)
Exception in thread "pool-4-thread-545" java.lang.NullPointerException
	at tourGuide.service.TourGuideService.trackUserLocation(TourGuideService.java:145)
	at tourGuide.service.TourGuideService.lambda$trackUserLocationList$1(TourGuideService.java:166)
	at java.util.concurrent.ThreadPoolExecutor.runWorker(ThreadPoolExecutor.java:1149)
	at java.util.concurrent.ThreadPoolExecutor$Worker.run(ThreadPoolExecutor.java:624)
	at java.lang.Thread.run(Thread.java:748)
Exception in thread "pool-4-thread-546" java.lang.NullPointerException
	at tourGuide.service.TourGuideService.trackUserLocation(TourGuideService.java:145)
	at tourGuide.service.TourGuideService.lambda$trackUserLocationList$1(TourGuideService.java:166)
	at java.util.concurrent.ThreadPoolExecutor.runWorker(ThreadPoolExecutor.java:1149)
	at java.util.concurrent.ThreadPoolExecutor$Worker.run(ThreadPoolExecutor.java:624)
	at java.lang.Thread.run(Thread.java:748)
Exception in thread "pool-4-thread-548" java.lang.NullPointerException
	at tourGuide.service.TourGuideService.trackUserLocation(TourGuideService.java:145)
	at tourGuide.service.TourGuideService.lambda$trackUserLocationList$1(TourGuideService.java:166)
	at java.util.concurrent.ThreadPoolExecutor.runWorker(ThreadPoolExecutor.java:1149)
	at java.util.concurrent.ThreadPoolExecutor$Worker.run(ThreadPoolExecutor.java:624)
	at java.lang.Thread.run(Thread.java:748)
Exception in thread "pool-4-thread-550" java.lang.NullPointerException
	at tourGuide.service.TourGuideService.trackUserLocation(TourGuideService.java:145)
	at tourGuide.service.TourGuideService.lambda$trackUserLocationList$1(TourGuideService.java:166)
	at java.util.concurrent.ThreadPoolExecutor.runWorker(ThreadPoolExecutor.java:1149)
	at java.util.concurrent.ThreadPoolExecutor$Worker.run(ThreadPoolExecutor.java:624)
	at java.lang.Thread.run(Thread.java:748)
Exception in thread "pool-4-thread-551" java.lang.NullPointerException
	at tourGuide.service.TourGuideService.trackUserLocation(TourGuideService.java:145)
	at tourGuide.service.TourGuideService.lambda$trackUserLocationList$1(TourGuideService.java:166)
	at java.util.concurrent.ThreadPoolExecutor.runWorker(ThreadPoolExecutor.java:1149)
	at java.util.concurrent.ThreadPoolExecutor$Worker.run(ThreadPoolExecutor.java:624)
	at java.lang.Thread.run(Thread.java:748)
Exception in thread "pool-4-thread-580" java.lang.NullPointerException
	at tourGuide.service.TourGuideService.trackUserLocation(TourGuideService.java:145)
	at tourGuide.service.TourGuideService.lambda$trackUserLocationList$1(TourGuideService.java:166)
	at java.util.concurrent.ThreadPoolExecutor.runWorker(ThreadPoolExecutor.java:1149)
	at java.util.concurrent.ThreadPoolExecutor$Worker.run(ThreadPoolExecutor.java:624)
	at java.lang.Thread.run(Thread.java:748)
Exception in thread "pool-4-thread-577" java.lang.NullPointerException
	at tourGuide.service.TourGuideService.trackUserLocation(TourGuideService.java:145)
	at tourGuide.service.TourGuideService.lambda$trackUserLocationList$1(TourGuideService.java:166)
	at java.util.concurrent.ThreadPoolExecutor.runWorker(ThreadPoolExecutor.java:1149)
	at java.util.concurrent.ThreadPoolExecutor$Worker.run(ThreadPoolExecutor.java:624)
	at java.lang.Thread.run(Thread.java:748)
Exception in thread "pool-4-thread-585" java.lang.NullPointerException
	at tourGuide.service.TourGuideService.trackUserLocation(TourGuideService.java:145)
	at tourGuide.service.TourGuideService.lambda$trackUserLocationList$1(TourGuideService.java:166)
	at java.util.concurrent.ThreadPoolExecutor.runWorker(ThreadPoolExecutor.java:1149)
	at java.util.concurrent.ThreadPoolExecutor$Worker.run(ThreadPoolExecutor.java:624)
	at java.lang.Thread.run(Thread.java:748)
Exception in thread "pool-4-thread-600" java.lang.NullPointerException
	at tourGuide.service.TourGuideService.trackUserLocation(TourGuideService.java:145)
	at tourGuide.service.TourGuideService.lambda$trackUserLocationList$1(TourGuideService.java:166)
	at java.util.concurrent.ThreadPoolExecutor.runWorker(ThreadPoolExecutor.java:1149)
	at java.util.concurrent.ThreadPoolExecutor$Worker.run(ThreadPoolExecutor.java:624)
	at java.lang.Thread.run(Thread.java:748)
Exception in thread "pool-4-thread-584" java.lang.NullPointerException
	at tourGuide.service.TourGuideService.trackUserLocation(TourGuideService.java:145)
	at tourGuide.service.TourGuideService.lambda$trackUserLocationList$1(TourGuideService.java:166)
	at java.util.concurrent.ThreadPoolExecutor.runWorker(ThreadPoolExecutor.java:1149)
	at java.util.concurrent.ThreadPoolExecutor$Worker.run(ThreadPoolExecutor.java:624)
	at java.lang.Thread.run(Thread.java:748)
Exception in thread "pool-4-thread-583" java.lang.NullPointerException
	at tourGuide.service.TourGuideService.trackUserLocation(TourGuideService.java:145)
	at tourGuide.service.TourGuideService.lambda$trackUserLocationList$1(TourGuideService.java:166)
	at java.util.concurrent.ThreadPoolExecutor.runWorker(ThreadPoolExecutor.java:1149)
	at java.util.concurrent.ThreadPoolExecutor$Worker.run(ThreadPoolExecutor.java:624)
	at java.lang.Thread.run(Thread.java:748)
Exception in thread "pool-4-thread-261" java.lang.NullPointerException
	at tourGuide.service.TourGuideService.trackUserLocation(TourGuideService.java:145)
	at tourGuide.service.TourGuideService.lambda$trackUserLocationList$1(TourGuideService.java:166)
	at java.util.concurrent.ThreadPoolExecutor.runWorker(ThreadPoolExecutor.java:1149)
	at java.util.concurrent.ThreadPoolExecutor$Worker.run(ThreadPoolExecutor.java:624)
	at java.lang.Thread.run(Thread.java:748)
Exception in thread "pool-4-thread-599" java.lang.NullPointerException
	at tourGuide.service.TourGuideService.trackUserLocation(TourGuideService.java:145)
	at tourGuide.service.TourGuideService.lambda$trackUserLocationList$1(TourGuideService.java:166)
	at java.util.concurrent.ThreadPoolExecutor.runWorker(ThreadPoolExecutor.java:1149)
	at java.util.concurrent.ThreadPoolExecutor$Worker.run(ThreadPoolExecutor.java:624)
	at java.lang.Thread.run(Thread.java:748)
Exception in thread "pool-4-thread-589" java.lang.NullPointerException
	at tourGuide.service.TourGuideService.trackUserLocation(TourGuideService.java:145)
	at tourGuide.service.TourGuideService.lambda$trackUserLocationList$1(TourGuideService.java:166)
	at java.util.concurrent.ThreadPoolExecutor.runWorker(ThreadPoolExecutor.java:1149)
	at java.util.concurrent.ThreadPoolExecutor$Worker.run(ThreadPoolExecutor.java:624)
	at java.lang.Thread.run(Thread.java:748)
Exception in thread "pool-4-thread-412" java.lang.NullPointerException
	at tourGuide.service.TourGuideService.trackUserLocation(TourGuideService.java:145)
	at tourGuide.service.TourGuideService.lambda$trackUserLocationList$1(TourGuideService.java:166)
	at java.util.concurrent.ThreadPoolExecutor.runWorker(ThreadPoolExecutor.java:1149)
	at java.util.concurrent.ThreadPoolExecutor$Worker.run(ThreadPoolExecutor.java:624)
	at java.lang.Thread.run(Thread.java:748)
Exception in thread "pool-4-thread-415" java.lang.NullPointerException
	at tourGuide.service.TourGuideService.trackUserLocation(TourGuideService.java:145)
	at tourGuide.service.TourGuideService.lambda$trackUserLocationList$1(TourGuideService.java:166)
	at java.util.concurrent.ThreadPoolExecutor.runWorker(ThreadPoolExecutor.java:1149)
	at java.util.concurrent.ThreadPoolExecutor$Worker.run(ThreadPoolExecutor.java:624)
	at java.lang.Thread.run(Thread.java:748)
Exception in thread "pool-4-thread-231" java.lang.NullPointerException
	at tourGuide.service.TourGuideService.trackUserLocation(TourGuideService.java:145)
	at tourGuide.service.TourGuideService.lambda$trackUserLocationList$1(TourGuideService.java:166)
	at java.util.concurrent.ThreadPoolExecutor.runWorker(ThreadPoolExecutor.java:1149)
	at java.util.concurrent.ThreadPoolExecutor$Worker.run(ThreadPoolExecutor.java:624)
	at java.lang.Thread.run(Thread.java:748)
Exception in thread "pool-4-thread-233" java.lang.NullPointerException
	at tourGuide.service.TourGuideService.trackUserLocation(TourGuideService.java:145)
	at tourGuide.service.TourGuideService.lambda$trackUserLocationList$1(TourGuideService.java:166)
	at java.util.concurrent.ThreadPoolExecutor.runWorker(ThreadPoolExecutor.java:1149)
	at java.util.concurrent.ThreadPoolExecutor$Worker.run(ThreadPoolExecutor.java:624)
	at java.lang.Thread.run(Thread.java:748)
Exception in thread "pool-4-thread-155" java.lang.NullPointerException
	at tourGuide.service.TourGuideService.trackUserLocation(TourGuideService.java:145)
	at tourGuide.service.TourGuideService.lambda$trackUserLocationList$1(TourGuideService.java:166)
	at java.util.concurrent.ThreadPoolExecutor.runWorker(ThreadPoolExecutor.java:1149)
	at java.util.concurrent.ThreadPoolExecutor$Worker.run(ThreadPoolExecutor.java:624)
	at java.lang.Thread.run(Thread.java:748)
Exception in thread "pool-4-thread-154" java.lang.NullPointerException
	at tourGuide.service.TourGuideService.trackUserLocation(TourGuideService.java:145)
	at tourGuide.service.TourGuideService.lambda$trackUserLocationList$1(TourGuideService.java:166)
	at java.util.concurrent.ThreadPoolExecutor.runWorker(ThreadPoolExecutor.java:1149)
	at java.util.concurrent.ThreadPoolExecutor$Worker.run(ThreadPoolExecutor.java:624)
	at java.lang.Thread.run(Thread.java:748)
Exception in thread "pool-4-thread-153" java.lang.NullPointerException
	at tourGuide.service.TourGuideService.trackUserLocation(TourGuideService.java:145)
	at tourGuide.service.TourGuideService.lambda$trackUserLocationList$1(TourGuideService.java:166)
	at java.util.concurrent.ThreadPoolExecutor.runWorker(ThreadPoolExecutor.java:1149)
	at java.util.concurrent.ThreadPoolExecutor$Worker.run(ThreadPoolExecutor.java:624)
	at java.lang.Thread.run(Thread.java:748)
Exception in thread "pool-4-thread-152" java.lang.NullPointerException
	at tourGuide.service.TourGuideService.trackUserLocation(TourGuideService.java:145)
	at tourGuide.service.TourGuideService.lambda$trackUserLocationList$1(TourGuideService.java:166)
	at java.util.concurrent.ThreadPoolExecutor.runWorker(ThreadPoolExecutor.java:1149)
	at java.util.concurrent.ThreadPoolExecutor$Worker.run(ThreadPoolExecutor.java:624)
	at java.lang.Thread.run(Thread.java:748)
Exception in thread "pool-4-thread-151" java.lang.NullPointerException
	at tourGuide.service.TourGuideService.trackUserLocation(TourGuideService.java:145)
	at tourGuide.service.TourGuideService.lambda$trackUserLocationList$1(TourGuideService.java:166)
	at java.util.concurrent.ThreadPoolExecutor.runWorker(ThreadPoolExecutor.java:1149)
	at java.util.concurrent.ThreadPoolExecutor$Worker.run(ThreadPoolExecutor.java:624)
	at java.lang.Thread.run(Thread.java:748)
Exception in thread "pool-4-thread-601" java.lang.NullPointerException
	at tourGuide.service.TourGuideService.trackUserLocation(TourGuideService.java:145)
	at tourGuide.service.TourGuideService.lambda$trackUserLocationList$1(TourGuideService.java:166)
	at java.util.concurrent.ThreadPoolExecutor.runWorker(ThreadPoolExecutor.java:1149)
	at java.util.concurrent.ThreadPoolExecutor$Worker.run(ThreadPoolExecutor.java:624)
	at java.lang.Thread.run(Thread.java:748)
Exception in thread "pool-4-thread-150" java.lang.NullPointerException
	at tourGuide.service.TourGuideService.trackUserLocation(TourGuideService.java:145)
	at tourGuide.service.TourGuideService.lambda$trackUserLocationList$1(TourGuideService.java:166)
	at java.util.concurrent.ThreadPoolExecutor.runWorker(ThreadPoolExecutor.java:1149)
	at java.util.concurrent.ThreadPoolExecutor$Worker.run(ThreadPoolExecutor.java:624)
	at java.lang.Thread.run(Thread.java:748)
Exception in thread "pool-4-thread-667" java.lang.NullPointerException
	at tourGuide.service.TourGuideService.trackUserLocation(TourGuideService.java:145)
	at tourGuide.service.TourGuideService.lambda$trackUserLocationList$1(TourGuideService.java:166)
	at java.util.concurrent.ThreadPoolExecutor.runWorker(ThreadPoolExecutor.java:1149)
	at java.util.concurrent.ThreadPoolExecutor$Worker.run(ThreadPoolExecutor.java:624)
	at java.lang.Thread.run(Thread.java:748)
Exception in thread "pool-4-thread-365" java.lang.NullPointerException
	at tourGuide.service.TourGuideService.trackUserLocation(TourGuideService.java:145)
	at tourGuide.service.TourGuideService.lambda$trackUserLocationList$1(TourGuideService.java:166)
	at java.util.concurrent.ThreadPoolExecutor.runWorker(ThreadPoolExecutor.java:1149)
	at java.util.concurrent.ThreadPoolExecutor$Worker.run(ThreadPoolExecutor.java:624)
	at java.lang.Thread.run(Thread.java:748)
Exception in thread "pool-4-thread-602" java.lang.NullPointerException
	at tourGuide.service.TourGuideService.trackUserLocation(TourGuideService.java:145)
	at tourGuide.service.TourGuideService.lambda$trackUserLocationList$1(TourGuideService.java:166)
	at java.util.concurrent.ThreadPoolExecutor.runWorker(ThreadPoolExecutor.java:1149)
	at java.util.concurrent.ThreadPoolExecutor$Worker.run(ThreadPoolExecutor.java:624)
	at java.lang.Thread.run(Thread.java:748)
Exception in thread "pool-4-thread-181" java.lang.NullPointerException
	at tourGuide.service.TourGuideService.trackUserLocation(TourGuideService.java:145)
	at tourGuide.service.TourGuideService.lambda$trackUserLocationList$1(TourGuideService.java:166)
	at java.util.concurrent.ThreadPoolExecutor.runWorker(ThreadPoolExecutor.java:1149)
	at java.util.concurrent.ThreadPoolExecutor$Worker.run(ThreadPoolExecutor.java:624)
	at java.lang.Thread.run(Thread.java:748)
Exception in thread "pool-4-thread-255" java.lang.NullPointerException
	at tourGuide.service.TourGuideService.trackUserLocation(TourGuideService.java:145)
	at tourGuide.service.TourGuideService.lambda$trackUserLocationList$1(TourGuideService.java:166)
	at java.util.concurrent.ThreadPoolExecutor.runWorker(ThreadPoolExecutor.java:1149)
	at java.util.concurrent.ThreadPoolExecutor$Worker.run(ThreadPoolExecutor.java:624)
	at java.lang.Thread.run(Thread.java:748)
Exception in thread "pool-4-thread-658" java.lang.NullPointerException
	at tourGuide.service.TourGuideService.trackUserLocation(TourGuideService.java:145)
	at tourGuide.service.TourGuideService.lambda$trackUserLocationList$1(TourGuideService.java:166)
	at java.util.concurrent.ThreadPoolExecutor.runWorker(ThreadPoolExecutor.java:1149)
	at java.util.concurrent.ThreadPoolExecutor$Worker.run(ThreadPoolExecutor.java:624)
	at java.lang.Thread.run(Thread.java:748)
Exception in thread "pool-4-thread-189" java.lang.NullPointerException
	at tourGuide.service.TourGuideService.trackUserLocation(TourGuideService.java:145)
	at tourGuide.service.TourGuideService.lambda$trackUserLocationList$1(TourGuideService.java:166)
	at java.util.concurrent.ThreadPoolExecutor.runWorker(ThreadPoolExecutor.java:1149)
	at java.util.concurrent.ThreadPoolExecutor$Worker.run(ThreadPoolExecutor.java:624)
	at java.lang.Thread.run(Thread.java:748)
Exception in thread "pool-4-thread-666" java.lang.NullPointerException
	at tourGuide.service.TourGuideService.trackUserLocation(TourGuideService.java:145)
	at tourGuide.service.TourGuideService.lambda$trackUserLocationList$1(TourGuideService.java:166)
	at java.util.concurrent.ThreadPoolExecutor.runWorker(ThreadPoolExecutor.java:1149)
	at java.util.concurrent.ThreadPoolExecutor$Worker.run(ThreadPoolExecutor.java:624)
	at java.lang.Thread.run(Thread.java:748)
Exception in thread "pool-4-thread-653" java.lang.NullPointerException
	at tourGuide.service.TourGuideService.trackUserLocation(TourGuideService.java:145)
	at tourGuide.service.TourGuideService.lambda$trackUserLocationList$1(TourGuideService.java:166)
	at java.util.concurrent.ThreadPoolExecutor.runWorker(ThreadPoolExecutor.java:1149)
	at java.util.concurrent.ThreadPoolExecutor$Worker.run(ThreadPoolExecutor.java:624)
	at java.lang.Thread.run(Thread.java:748)
Exception in thread "pool-4-thread-688" java.lang.NullPointerException
	at tourGuide.service.TourGuideService.trackUserLocation(TourGuideService.java:145)
	at tourGuide.service.TourGuideService.lambda$trackUserLocationList$1(TourGuideService.java:166)
	at java.util.concurrent.ThreadPoolExecutor.runWorker(ThreadPoolExecutor.java:1149)
	at java.util.concurrent.ThreadPoolExecutor$Worker.run(ThreadPoolExecutor.java:624)
	at java.lang.Thread.run(Thread.java:748)
Exception in thread "pool-4-thread-248" java.lang.NullPointerException
	at tourGuide.service.TourGuideService.trackUserLocation(TourGuideService.java:145)
	at tourGuide.service.TourGuideService.lambda$trackUserLocationList$1(TourGuideService.java:166)
	at java.util.concurrent.ThreadPoolExecutor.runWorker(ThreadPoolExecutor.java:1149)
	at java.util.concurrent.ThreadPoolExecutor$Worker.run(ThreadPoolExecutor.java:624)
	at java.lang.Thread.run(Thread.java:748)
Exception in thread "pool-4-thread-652" java.lang.NullPointerException
	at tourGuide.service.TourGuideService.trackUserLocation(TourGuideService.java:145)
	at tourGuide.service.TourGuideService.lambda$trackUserLocationList$1(TourGuideService.java:166)
	at java.util.concurrent.ThreadPoolExecutor.runWorker(ThreadPoolExecutor.java:1149)
	at java.util.concurrent.ThreadPoolExecutor$Worker.run(ThreadPoolExecutor.java:624)
	at java.lang.Thread.run(Thread.java:748)
Exception in thread "pool-4-thread-246" java.lang.NullPointerException
	at tourGuide.service.TourGuideService.trackUserLocation(TourGuideService.java:145)
	at tourGuide.service.TourGuideService.lambda$trackUserLocationList$1(TourGuideService.java:166)
	at java.util.concurrent.ThreadPoolExecutor.runWorker(ThreadPoolExecutor.java:1149)
	at java.util.concurrent.ThreadPoolExecutor$Worker.run(ThreadPoolExecutor.java:624)
	at java.lang.Thread.run(Thread.java:748)
Exception in thread "pool-4-thread-651" java.lang.NullPointerException
	at tourGuide.service.TourGuideService.trackUserLocation(TourGuideService.java:145)
	at tourGuide.service.TourGuideService.lambda$trackUserLocationList$1(TourGuideService.java:166)
	at java.util.concurrent.ThreadPoolExecutor.runWorker(ThreadPoolExecutor.java:1149)
	at java.util.concurrent.ThreadPoolExecutor$Worker.run(ThreadPoolExecutor.java:624)
	at java.lang.Thread.run(Thread.java:748)
Exception in thread "pool-4-thread-260" java.lang.NullPointerException
	at tourGuide.service.TourGuideService.trackUserLocation(TourGuideService.java:145)
	at tourGuide.service.TourGuideService.lambda$trackUserLocationList$1(TourGuideService.java:166)
	at java.util.concurrent.ThreadPoolExecutor.runWorker(ThreadPoolExecutor.java:1149)
	at java.util.concurrent.ThreadPoolExecutor$Worker.run(ThreadPoolExecutor.java:624)
	at java.lang.Thread.run(Thread.java:748)
Exception in thread "pool-4-thread-686" java.lang.NullPointerException
	at tourGuide.service.TourGuideService.trackUserLocation(TourGuideService.java:145)
	at tourGuide.service.TourGuideService.lambda$trackUserLocationList$1(TourGuideService.java:166)
	at java.util.concurrent.ThreadPoolExecutor.runWorker(ThreadPoolExecutor.java:1149)
	at java.util.concurrent.ThreadPoolExecutor$Worker.run(ThreadPoolExecutor.java:624)
	at java.lang.Thread.run(Thread.java:748)
Exception in thread "pool-4-thread-244" java.lang.NullPointerException
	at tourGuide.service.TourGuideService.trackUserLocation(TourGuideService.java:145)
	at tourGuide.service.TourGuideService.lambda$trackUserLocationList$1(TourGuideService.java:166)
	at java.util.concurrent.ThreadPoolExecutor.runWorker(ThreadPoolExecutor.java:1149)
	at java.util.concurrent.ThreadPoolExecutor$Worker.run(ThreadPoolExecutor.java:624)
	at java.lang.Thread.run(Thread.java:748)
Exception in thread "pool-4-thread-245" java.lang.NullPointerException
	at tourGuide.service.TourGuideService.trackUserLocation(TourGuideService.java:145)
	at tourGuide.service.TourGuideService.lambda$trackUserLocationList$1(TourGuideService.java:166)
	at java.util.concurrent.ThreadPoolExecutor.runWorker(ThreadPoolExecutor.java:1149)
	at java.util.concurrent.ThreadPoolExecutor$Worker.run(ThreadPoolExecutor.java:624)
	at java.lang.Thread.run(Thread.java:748)
Exception in thread "pool-4-thread-687" java.lang.NullPointerException
	at tourGuide.service.TourGuideService.trackUserLocation(TourGuideService.java:145)
	at tourGuide.service.TourGuideService.lambda$trackUserLocationList$1(TourGuideService.java:166)
	at java.util.concurrent.ThreadPoolExecutor.runWorker(ThreadPoolExecutor.java:1149)
	at java.util.concurrent.ThreadPoolExecutor$Worker.run(ThreadPoolExecutor.java:624)
	at java.lang.Thread.run(Thread.java:748)
Exception in thread "pool-4-thread-100" java.lang.NullPointerException
	at tourGuide.service.TourGuideService.trackUserLocation(TourGuideService.java:145)
	at tourGuide.service.TourGuideService.lambda$trackUserLocationList$1(TourGuideService.java:166)
	at java.util.concurrent.ThreadPoolExecutor.runWorker(ThreadPoolExecutor.java:1149)
	at java.util.concurrent.ThreadPoolExecutor$Worker.run(ThreadPoolExecutor.java:624)
	at java.lang.Thread.run(Thread.java:748)
Exception in thread "pool-4-thread-103" java.lang.NullPointerException
	at tourGuide.service.TourGuideService.trackUserLocation(TourGuideService.java:145)
	at tourGuide.service.TourGuideService.lambda$trackUserLocationList$1(TourGuideService.java:166)
	at java.util.concurrent.ThreadPoolExecutor.runWorker(ThreadPoolExecutor.java:1149)
	at java.util.concurrent.ThreadPoolExecutor$Worker.run(ThreadPoolExecutor.java:624)
	at java.lang.Thread.run(Thread.java:748)
Exception in thread "pool-4-thread-101" java.lang.NullPointerException
	at tourGuide.service.TourGuideService.trackUserLocation(TourGuideService.java:145)
	at tourGuide.service.TourGuideService.lambda$trackUserLocationList$1(TourGuideService.java:166)
	at java.util.concurrent.ThreadPoolExecutor.runWorker(ThreadPoolExecutor.java:1149)
	at java.util.concurrent.ThreadPoolExecutor$Worker.run(ThreadPoolExecutor.java:624)
	at java.lang.Thread.run(Thread.java:748)
Exception in thread "pool-4-thread-745" java.lang.NullPointerException
	at tourGuide.service.TourGuideService.trackUserLocation(TourGuideService.java:145)
	at tourGuide.service.TourGuideService.lambda$trackUserLocationList$1(TourGuideService.java:166)
	at java.util.concurrent.ThreadPoolExecutor.runWorker(ThreadPoolExecutor.java:1149)
	at java.util.concurrent.ThreadPoolExecutor$Worker.run(ThreadPoolExecutor.java:624)
	at java.lang.Thread.run(Thread.java:748)
Exception in thread "pool-4-thread-87" java.lang.NullPointerException
	at tourGuide.service.TourGuideService.trackUserLocation(TourGuideService.java:145)
	at tourGuide.service.TourGuideService.lambda$trackUserLocationList$1(TourGuideService.java:166)
	at java.util.concurrent.ThreadPoolExecutor.runWorker(ThreadPoolExecutor.java:1149)
[...]
	at java.lang.Thread.run(Thread.java:748)
Exception in thread "pool-5-thread-717" java.lang.NullPointerException
	at tourGuide.service.TourGuideService.trackUserLocation(TourGuideService.java:145)
	at tourGuide.service.TourGuideService.lambda$trackUserLocationList$1(TourGuideService.java:166)
	at java.util.concurrent.ThreadPoolExecutor.runWorker(ThreadPoolExecutor.java:1149)
	at java.util.concurrent.ThreadPoolExecutor$Worker.run(ThreadPoolExecutor.java:624)
	at java.lang.Thread.run(Thread.java:748)
Exception in thread "pool-5-thread-658" java.lang.NullPointerException
	at tourGuide.service.TourGuideService.trackUserLocation(TourGuideService.java:145)
	at tourGuide.service.TourGuideService.lambda$trackUserLocationList$1(TourGuideService.java:166)
	at java.util.concurrent.ThreadPoolExecutor.runWorker(ThreadPoolExecutor.java:1149)
	at java.util.concurrent.ThreadPoolExecutor$Worker.run(ThreadPoolExecutor.java:624)
	at java.lang.Thread.run(Thread.java:748)
Exception in thread "pool-5-thread-716" java.lang.NullPointerException
	at tourGuide.service.TourGuideService.trackUserLocation(TourGuideService.java:145)
	at tourGuide.service.TourGuideService.lambda$trackUserLocationList$1(TourGuideService.java:166)
	at java.util.concurrent.ThreadPoolExecutor.runWorker(ThreadPoolExecutor.java:1149)
	at java.util.concurrent.ThreadPoolExecutor$Worker.run(ThreadPoolExecutor.java:624)
	at java.lang.Thread.run(Thread.java:748)
Exception in thread "pool-5-thread-627" java.lang.NullPointerException
	at tourGuide.service.TourGuideService.trackUserLocation(TourGuideService.java:145)
	at tourGuide.service.TourGuideService.lambda$trackUserLocationList$1(TourGuideService.java:166)
	at java.util.concurrent.ThreadPoolExecutor.runWorker(ThreadPoolExecutor.java:1149)
	at java.util.concurrent.ThreadPoolExecutor$Worker.run(ThreadPoolExecutor.java:624)
	at java.lang.Thread.run(Thread.java:748)
Exception in thread "pool-5-thread-671" java.lang.NullPointerException
	at tourGuide.service.TourGuideService.trackUserLocation(TourGuideService.java:145)
	at tourGuide.service.TourGuideService.lambda$trackUserLocationList$1(TourGuideService.java:166)
	at java.util.concurrent.ThreadPoolExecutor.runWorker(ThreadPoolExecutor.java:1149)
	at java.util.concurrent.ThreadPoolExecutor$Worker.run(ThreadPoolExecutor.java:624)
	at java.lang.Thread.run(Thread.java:748)
Exception in thread "pool-5-thread-549" java.lang.NullPointerException
	at tourGuide.service.TourGuideService.trackUserLocation(TourGuideService.java:145)
	at tourGuide.service.TourGuideService.lambda$trackUserLocationList$1(TourGuideService.java:166)
	at java.util.concurrent.ThreadPoolExecutor.runWorker(ThreadPoolExecutor.java:1149)
	at java.util.concurrent.ThreadPoolExecutor$Worker.run(ThreadPoolExecutor.java:624)
	at java.lang.Thread.run(Thread.java:748)
Exception in thread "pool-5-thread-682" java.lang.NullPointerException
	at tourGuide.service.TourGuideService.trackUserLocation(TourGuideService.java:145)
	at tourGuide.service.TourGuideService.lambda$trackUserLocationList$1(TourGuideService.java:166)
	at java.util.concurrent.ThreadPoolExecutor.runWorker(ThreadPoolExecutor.java:1149)
	at java.util.concurrent.ThreadPoolExecutor$Worker.run(ThreadPoolExecutor.java:624)
	at java.lang.Thread.run(Thread.java:748)
Exception in thread "pool-5-thread-565" java.lang.NullPointerException
	at tourGuide.service.TourGuideService.trackUserLocation(TourGuideService.java:145)
	at tourGuide.service.TourGuideService.lambda$trackUserLocationList$1(TourGuideService.java:166)
	at java.util.concurrent.ThreadPoolExecutor.runWorker(ThreadPoolExecutor.java:1149)
	at java.util.concurrent.ThreadPoolExecutor$Worker.run(ThreadPoolExecutor.java:624)
	at java.lang.Thread.run(Thread.java:748)
Exception in thread "pool-5-thread-815" java.lang.NullPointerException
	at tourGuide.service.TourGuideService.trackUserLocation(TourGuideService.java:145)
	at tourGuide.service.TourGuideService.lambda$trackUserLocationList$1(TourGuideService.java:166)
	at java.util.concurrent.ThreadPoolExecutor.runWorker(ThreadPoolExecutor.java:1149)
	at java.util.concurrent.ThreadPoolExecutor$Worker.run(ThreadPoolExecutor.java:624)
	at java.lang.Thread.run(Thread.java:748)
Exception in thread "pool-5-thread-482" java.lang.NullPointerException
	at tourGuide.service.TourGuideService.trackUserLocation(TourGuideService.java:145)
	at tourGuide.service.TourGuideService.lambda$trackUserLocationList$1(TourGuideService.java:166)
	at java.util.concurrent.ThreadPoolExecutor.runWorker(ThreadPoolExecutor.java:1149)
	at java.util.concurrent.ThreadPoolExecutor$Worker.run(ThreadPoolExecutor.java:624)
	at java.lang.Thread.run(Thread.java:748)
Exception in thread "pool-5-thread-597" java.lang.NullPointerException
	at tourGuide.service.TourGuideService.trackUserLocation(TourGuideService.java:145)
	at tourGuide.service.TourGuideService.lambda$trackUserLocationList$1(TourGuideService.java:166)
	at java.util.concurrent.ThreadPoolExecutor.runWorker(ThreadPoolExecutor.java:1149)
	at java.util.concurrent.ThreadPoolExecutor$Worker.run(ThreadPoolExecutor.java:624)
	at java.lang.Thread.run(Thread.java:748)
Exception in thread "pool-5-thread-758" java.lang.NullPointerException
	at tourGuide.service.TourGuideService.trackUserLocation(TourGuideService.java:145)
	at tourGuide.service.TourGuideService.lambda$trackUserLocationList$1(TourGuideService.java:166)
	at java.util.concurrent.ThreadPoolExecutor.runWorker(ThreadPoolExecutor.java:1149)
	at java.util.concurrent.ThreadPoolExecutor$Worker.run(ThreadPoolExecutor.java:624)
	at java.lang.Thread.run(Thread.java:748)
Exception in thread "pool-5-thread-691" java.lang.NullPointerException
	at tourGuide.service.TourGuideService.trackUserLocation(TourGuideService.java:145)
	at tourGuide.service.TourGuideService.lambda$trackUserLocationList$1(TourGuideService.java:166)
	at java.util.concurrent.ThreadPoolExecutor.runWorker(ThreadPoolExecutor.java:1149)
	at java.util.concurrent.ThreadPoolExecutor$Worker.run(ThreadPoolExecutor.java:624)
	at java.lang.Thread.run(Thread.java:748)
Exception in thread "pool-5-thread-514" java.lang.NullPointerException
	at tourGuide.service.TourGuideService.trackUserLocation(TourGuideService.java:145)
	at tourGuide.service.TourGuideService.lambda$trackUserLocationList$1(TourGuideService.java:166)
	at java.util.concurrent.ThreadPoolExecutor.runWorker(ThreadPoolExecutor.java:1149)
	at java.util.concurrent.ThreadPoolExecutor$Worker.run(ThreadPoolExecutor.java:624)
	at java.lang.Thread.run(Thread.java:748)
Exception in thread "pool-5-thread-803" java.lang.NullPointerException
	at tourGuide.service.TourGuideService.trackUserLocation(TourGuideService.java:145)
	at tourGuide.service.TourGuideService.lambda$trackUserLocationList$1(TourGuideService.java:166)
	at java.util.concurrent.ThreadPoolExecutor.runWorker(ThreadPoolExecutor.java:1149)
	at java.util.concurrent.ThreadPoolExecutor$Worker.run(ThreadPoolExecutor.java:624)
	at java.lang.Thread.run(Thread.java:748)
Exception in thread "pool-5-thread-420" java.lang.NullPointerException
	at tourGuide.service.TourGuideService.trackUserLocation(TourGuideService.java:145)
	at tourGuide.service.TourGuideService.lambda$trackUserLocationList$1(TourGuideService.java:166)
	at java.util.concurrent.ThreadPoolExecutor.runWorker(ThreadPoolExecutor.java:1149)
	at java.util.concurrent.ThreadPoolExecutor$Worker.run(ThreadPoolExecutor.java:624)
	at java.lang.Thread.run(Thread.java:748)
Exception in thread "pool-5-thread-686" java.lang.NullPointerException
	at tourGuide.service.TourGuideService.trackUserLocation(TourGuideService.java:145)
	at tourGuide.service.TourGuideService.lambda$trackUserLocationList$1(TourGuideService.java:166)
	at java.util.concurrent.ThreadPoolExecutor.runWorker(ThreadPoolExecutor.java:1149)
	at java.util.concurrent.ThreadPoolExecutor$Worker.run(ThreadPoolExecutor.java:624)
	at java.lang.Thread.run(Thread.java:748)
Exception in thread "pool-5-thread-793" java.lang.NullPointerException
	at tourGuide.service.TourGuideService.trackUserLocation(TourGuideService.java:145)
	at tourGuide.service.TourGuideService.lambda$trackUserLocationList$1(TourGuideService.java:166)
	at java.util.concurrent.ThreadPoolExecutor.runWorker(ThreadPoolExecutor.java:1149)
	at java.util.concurrent.ThreadPoolExecutor$Worker.run(ThreadPoolExecutor.java:624)
	at java.lang.Thread.run(Thread.java:748)
Exception in thread "pool-5-thread-647" java.lang.NullPointerException
	at tourGuide.service.TourGuideService.trackUserLocation(TourGuideService.java:145)
	at tourGuide.service.TourGuideService.lambda$trackUserLocationList$1(TourGuideService.java:166)
	at java.util.concurrent.ThreadPoolExecutor.runWorker(ThreadPoolExecutor.java:1149)
	at java.util.concurrent.ThreadPoolExecutor$Worker.run(ThreadPoolExecutor.java:624)
	at java.lang.Thread.run(Thread.java:748)
Exception in thread "pool-5-thread-562" java.lang.NullPointerException
	at tourGuide.service.TourGuideService.trackUserLocation(TourGuideService.java:145)
	at tourGuide.service.TourGuideService.lambda$trackUserLocationList$1(TourGuideService.java:166)
	at java.util.concurrent.ThreadPoolExecutor.runWorker(ThreadPoolExecutor.java:1149)
	at java.util.concurrent.ThreadPoolExecutor$Worker.run(ThreadPoolExecutor.java:624)
	at java.lang.Thread.run(Thread.java:748)
Exception in thread "pool-5-thread-552" java.lang.NullPointerException
	at tourGuide.service.TourGuideService.trackUserLocation(TourGuideService.java:145)
	at tourGuide.service.TourGuideService.lambda$trackUserLocationList$1(TourGuideService.java:166)
	at java.util.concurrent.ThreadPoolExecutor.runWorker(ThreadPoolExecutor.java:1149)
	at java.util.concurrent.ThreadPoolExecutor$Worker.run(ThreadPoolExecutor.java:624)
	at java.lang.Thread.run(Thread.java:748)
Exception in thread "pool-5-thread-666" java.lang.NullPointerException
	at tourGuide.service.TourGuideService.trackUserLocation(TourGuideService.java:145)
	at tourGuide.service.TourGuideService.lambda$trackUserLocationList$1(TourGuideService.java:166)
	at java.util.concurrent.ThreadPoolExecutor.runWorker(ThreadPoolExecutor.java:1149)
	at java.util.concurrent.ThreadPoolExecutor$Worker.run(ThreadPoolExecutor.java:624)
	at java.lang.Thread.run(Thread.java:748)
Exception in thread "pool-5-thread-643" java.lang.NullPointerException
	at tourGuide.service.TourGuideService.trackUserLocation(TourGuideService.java:145)
	at tourGuide.service.TourGuideService.lambda$trackUserLocationList$1(TourGuideService.java:166)
	at java.util.concurrent.ThreadPoolExecutor.runWorker(ThreadPoolExecutor.java:1149)
	at java.util.concurrent.ThreadPoolExecutor$Worker.run(ThreadPoolExecutor.java:624)
	at java.lang.Thread.run(Thread.java:748)
Exception in thread "pool-5-thread-581" java.lang.NullPointerException
	at tourGuide.service.TourGuideService.trackUserLocation(TourGuideService.java:145)
	at tourGuide.service.TourGuideService.lambda$trackUserLocationList$1(TourGuideService.java:166)
	at java.util.concurrent.ThreadPoolExecutor.runWorker(ThreadPoolExecutor.java:1149)
	at java.util.concurrent.ThreadPoolExecutor$Worker.run(ThreadPoolExecutor.java:624)
	at java.lang.Thread.run(Thread.java:748)
Exception in thread "pool-5-thread-592" java.lang.NullPointerException
	at tourGuide.service.TourGuideService.trackUserLocation(TourGuideService.java:145)
	at tourGuide.service.TourGuideService.lambda$trackUserLocationList$1(TourGuideService.java:166)
	at java.util.concurrent.ThreadPoolExecutor.runWorker(ThreadPoolExecutor.java:1149)
	at java.util.concurrent.ThreadPoolExecutor$Worker.run(ThreadPoolExecutor.java:624)
	at java.lang.Thread.run(Thread.java:748)
Exception in thread "pool-5-thread-819" java.lang.NullPointerException
	at tourGuide.service.TourGuideService.trackUserLocation(TourGuideService.java:145)
	at tourGuide.service.TourGuideService.lambda$trackUserLocationList$1(TourGuideService.java:166)
	at java.util.concurrent.ThreadPoolExecutor.runWorker(ThreadPoolExecutor.java:1149)
	at java.util.concurrent.ThreadPoolExecutor$Worker.run(ThreadPoolExecutor.java:624)
	at java.lang.Thread.run(Thread.java:748)
Exception in thread "pool-5-thread-711" java.lang.NullPointerException
	at tourGuide.service.TourGuideService.trackUserLocation(TourGuideService.java:145)
	at tourGuide.service.TourGuideService.lambda$trackUserLocationList$1(TourGuideService.java:166)
	at java.util.concurrent.ThreadPoolExecutor.runWorker(ThreadPoolExecutor.java:1149)
	at java.util.concurrent.ThreadPoolExecutor$Worker.run(ThreadPoolExecutor.java:624)
	at java.lang.Thread.run(Thread.java:748)
Exception in thread "pool-5-thread-756" java.lang.NullPointerException
	at tourGuide.service.TourGuideService.trackUserLocation(TourGuideService.java:145)
	at tourGuide.service.TourGuideService.lambda$trackUserLocationList$1(TourGuideService.java:166)
	at java.util.concurrent.ThreadPoolExecutor.runWorker(ThreadPoolExecutor.java:1149)
	at java.util.concurrent.ThreadPoolExecutor$Worker.run(ThreadPoolExecutor.java:624)
	at java.lang.Thread.run(Thread.java:748)
Exception in thread "pool-5-thread-785" java.lang.NullPointerException
	at tourGuide.service.TourGuideService.trackUserLocation(TourGuideService.java:145)
	at tourGuide.service.TourGuideService.lambda$trackUserLocationList$1(TourGuideService.java:166)
	at java.util.concurrent.ThreadPoolExecutor.runWorker(ThreadPoolExecutor.java:1149)
	at java.util.concurrent.ThreadPoolExecutor$Worker.run(ThreadPoolExecutor.java:624)
	at java.lang.Thread.run(Thread.java:748)
Exception in thread "pool-5-thread-796" java.lang.NullPointerException
	at tourGuide.service.TourGuideService.trackUserLocation(TourGuideService.java:145)
	at tourGuide.service.TourGuideService.lambda$trackUserLocationList$1(TourGuideService.java:166)
	at java.util.concurrent.ThreadPoolExecutor.runWorker(ThreadPoolExecutor.java:1149)
	at java.util.concurrent.ThreadPoolExecutor$Worker.run(ThreadPoolExecutor.java:624)
	at java.lang.Thread.run(Thread.java:748)
Exception in thread "pool-5-thread-683" java.lang.NullPointerException
	at tourGuide.service.TourGuideService.trackUserLocation(TourGuideService.java:145)
	at tourGuide.service.TourGuideService.lambda$trackUserLocationList$1(TourGuideService.java:166)
	at java.util.concurrent.ThreadPoolExecutor.runWorker(ThreadPoolExecutor.java:1149)
	at java.util.concurrent.ThreadPoolExecutor$Worker.run(ThreadPoolExecutor.java:624)
	at java.lang.Thread.run(Thread.java:748)
Exception in thread "pool-5-thread-504" java.lang.NullPointerException
	at tourGuide.service.TourGuideService.trackUserLocation(TourGuideService.java:145)
	at tourGuide.service.TourGuideService.lambda$trackUserLocationList$1(TourGuideService.java:166)
	at java.util.concurrent.ThreadPoolExecutor.runWorker(ThreadPoolExecutor.java:1149)
	at java.util.concurrent.ThreadPoolExecutor$Worker.run(ThreadPoolExecutor.java:624)
	at java.lang.Thread.run(Thread.java:748)
Exception in thread "pool-5-thread-757" java.lang.NullPointerException
	at tourGuide.service.TourGuideService.trackUserLocation(TourGuideService.java:145)
	at tourGuide.service.TourGuideService.lambda$trackUserLocationList$1(TourGuideService.java:166)
	at java.util.concurrent.ThreadPoolExecutor.runWorker(ThreadPoolExecutor.java:1149)
	at java.util.concurrent.ThreadPoolExecutor$Worker.run(ThreadPoolExecutor.java:624)
	at java.lang.Thread.run(Thread.java:748)
Exception in thread "pool-5-thread-640" java.lang.NullPointerException
	at tourGuide.service.TourGuideService.trackUserLocation(TourGuideService.java:145)
	at tourGuide.service.TourGuideService.lambda$trackUserLocationList$1(TourGuideService.java:166)
	at java.util.concurrent.ThreadPoolExecutor.runWorker(ThreadPoolExecutor.java:1149)
	at java.util.concurrent.ThreadPoolExecutor$Worker.run(ThreadPoolExecutor.java:624)
	at java.lang.Thread.run(Thread.java:748)
Exception in thread "pool-5-thread-805" java.lang.NullPointerException
	at tourGuide.service.TourGuideService.trackUserLocation(TourGuideService.java:145)
	at tourGuide.service.TourGuideService.lambda$trackUserLocationList$1(TourGuideService.java:166)
	at java.util.concurrent.ThreadPoolExecutor.runWorker(ThreadPoolExecutor.java:1149)
	at java.util.concurrent.ThreadPoolExecutor$Worker.run(ThreadPoolExecutor.java:624)
	at java.lang.Thread.run(Thread.java:748)
Exception in thread "pool-5-thread-761" java.lang.NullPointerException
	at tourGuide.service.TourGuideService.trackUserLocation(TourGuideService.java:145)
	at tourGuide.service.TourGuideService.lambda$trackUserLocationList$1(TourGuideService.java:166)
	at java.util.concurrent.ThreadPoolExecutor.runWorker(ThreadPoolExecutor.java:1149)
	at java.util.concurrent.ThreadPoolExecutor$Worker.run(ThreadPoolExecutor.java:624)
	at java.lang.Thread.run(Thread.java:748)
Exception in thread "pool-5-thread-762" java.lang.NullPointerException
	at tourGuide.service.TourGuideService.trackUserLocation(TourGuideService.java:145)
	at tourGuide.service.TourGuideService.lambda$trackUserLocationList$1(TourGuideService.java:166)
	at java.util.concurrent.ThreadPoolExecutor.runWorker(ThreadPoolExecutor.java:1149)
	at java.util.concurrent.ThreadPoolExecutor$Worker.run(ThreadPoolExecutor.java:624)
	at java.lang.Thread.run(Thread.java:748)
Exception in thread "pool-5-thread-602" java.lang.NullPointerException
	at tourGuide.service.TourGuideService.trackUserLocation(TourGuideService.java:145)
	at tourGuide.service.TourGuideService.lambda$trackUserLocationList$1(TourGuideService.java:166)
	at java.util.concurrent.ThreadPoolExecutor.runWorker(ThreadPoolExecutor.java:1149)
	at java.util.concurrent.ThreadPoolExecutor$Worker.run(ThreadPoolExecutor.java:624)
	at java.lang.Thread.run(Thread.java:748)
Exception in thread "pool-5-thread-753" java.lang.NullPointerException
	at tourGuide.service.TourGuideService.trackUserLocation(TourGuideService.java:145)
	at tourGuide.service.TourGuideService.lambda$trackUserLocationList$1(TourGuideService.java:166)
	at java.util.concurrent.ThreadPoolExecutor.runWorker(ThreadPoolExecutor.java:1149)
	at java.util.concurrent.ThreadPoolExecutor$Worker.run(ThreadPoolExecutor.java:624)
	at java.lang.Thread.run(Thread.java:748)
Exception in thread "pool-5-thread-413" java.lang.NullPointerException
	at tourGuide.service.TourGuideService.trackUserLocation(TourGuideService.java:145)
	at tourGuide.service.TourGuideService.lambda$trackUserLocationList$1(TourGuideService.java:166)
	at java.util.concurrent.ThreadPoolExecutor.runWorker(ThreadPoolExecutor.java:1149)
	at java.util.concurrent.ThreadPoolExecutor$Worker.run(ThreadPoolExecutor.java:624)
	at java.lang.Thread.run(Thread.java:748)
Exception in thread "pool-5-thread-546" java.lang.NullPointerException
	at tourGuide.service.TourGuideService.trackUserLocation(TourGuideService.java:145)
	at tourGuide.service.TourGuideService.lambda$trackUserLocationList$1(TourGuideService.java:166)
	at java.util.concurrent.ThreadPoolExecutor.runWorker(ThreadPoolExecutor.java:1149)
	at java.util.concurrent.ThreadPoolExecutor$Worker.run(ThreadPoolExecutor.java:624)
	at java.lang.Thread.run(Thread.java:748)
Exception in thread "pool-5-thread-432" java.lang.NullPointerException
	at tourGuide.service.TourGuideService.trackUserLocation(TourGuideService.java:145)
	at tourGuide.service.TourGuideService.lambda$trackUserLocationList$1(TourGuideService.java:166)
	at java.util.concurrent.ThreadPoolExecutor.runWorker(ThreadPoolExecutor.java:1149)
	at java.util.concurrent.ThreadPoolExecutor$Worker.run(ThreadPoolExecutor.java:624)
	at java.lang.Thread.run(Thread.java:748)
Exception in thread "pool-5-thread-481" java.lang.NullPointerException
	at tourGuide.service.TourGuideService.trackUserLocation(TourGuideService.java:145)
	at tourGuide.service.TourGuideService.lambda$trackUserLocationList$1(TourGuideService.java:166)
	at java.util.concurrent.ThreadPoolExecutor.runWorker(ThreadPoolExecutor.java:1149)
	at java.util.concurrent.ThreadPoolExecutor$Worker.run(ThreadPoolExecutor.java:624)
	at java.lang.Thread.run(Thread.java:748)
]]></system-err>
</testsuite>
